<?xml version="1.0" encoding="UTF-8"?>
<!-- Generated by org.testng.reporters.JUnitXMLReporter -->
<testsuite ignored="0" hostname="DESKTOP-24PLHBT" failures="1" tests="13" name="Surefire test" time="253.114" errors="0" timestamp="2025-08-25T16:20:00 IST">
  <testcase classname="HpaTestCases.AppOpenTest" name="appcall" time="14.484"/>
  <testcase classname="HpaTestCases.DashboardTest" name="DashTest" time="31.033">
    <failure type="com.microsoft.playwright.TimeoutError" message="Error {
  message=&amp;apos;Timeout 30000ms exceeded.
  name=&amp;apos;TimeoutError
  stack=&amp;apos;TimeoutError: Timeout 30000ms exceeded.
    at ProgressController.run (C:\Users\Lenovo\AppData\Local\Temp\playwright-java-86654289099877931\package\lib\server\progress.js:78:26)
    at Frame.click (C:\Users\Lenovo\AppData\Local\Temp\playwright-java-86654289099877931\package\lib\server\frames.js:1007:23)
    at FrameDispatcher.click (C:\Users\Lenovo\AppData\Local\Temp\playwright-java-86654289099877931\package\lib\server\dispatchers\frameDispatcher.js:157:30)
    at FrameDispatcher._handleCommand (C:\Users\Lenovo\AppData\Local\Temp\playwright-java-86654289099877931\package\lib\server\dispatchers\dispatcher.js:94:40)
    at DispatcherConnection.dispatch (C:\Users\Lenovo\AppData\Local\Temp\playwright-java-86654289099877931\package\lib\server\dispatchers\dispatcher.js:361:39)
}
Call log:
- waiting for locator(&amp;quot;//button[@title= &amp;apos;Next week&amp;apos;]&amp;quot;)
">
      <![CDATA[com.microsoft.playwright.TimeoutError: Error {
  message='Timeout 30000ms exceeded.
  name='TimeoutError
  stack='TimeoutError: Timeout 30000ms exceeded.
    at ProgressController.run (C:\Users\Lenovo\AppData\Local\Temp\playwright-java-86654289099877931\package\lib\server\progress.js:78:26)
    at Frame.click (C:\Users\Lenovo\AppData\Local\Temp\playwright-java-86654289099877931\package\lib\server\frames.js:1007:23)
    at FrameDispatcher.click (C:\Users\Lenovo\AppData\Local\Temp\playwright-java-86654289099877931\package\lib\server\dispatchers\frameDispatcher.js:157:30)
    at FrameDispatcher._handleCommand (C:\Users\Lenovo\AppData\Local\Temp\playwright-java-86654289099877931\package\lib\server\dispatchers\dispatcher.js:94:40)
    at DispatcherConnection.dispatch (C:\Users\Lenovo\AppData\Local\Temp\playwright-java-86654289099877931\package\lib\server\dispatchers\dispatcher.js:361:39)
}
Call log:
- waiting for locator("//button[@title= 'Next week']")

at com.microsoft.playwright.impl.WaitableResult.get(WaitableResult.java:52)
at com.microsoft.playwright.impl.ChannelOwner.runUntil(ChannelOwner.java:120)
at com.microsoft.playwright.impl.Connection.sendMessage(Connection.java:130)
at com.microsoft.playwright.impl.ChannelOwner.sendMessage(ChannelOwner.java:106)
at com.microsoft.playwright.impl.FrameImpl.clickImpl(FrameImpl.java:252)
at com.microsoft.playwright.impl.FrameImpl.lambda$click$8(FrameImpl.java:243)
at com.microsoft.playwright.impl.LoggingSupport.lambda$withLogging$0(LoggingSupport.java:36)
at com.microsoft.playwright.impl.LoggingSupport.withLogging(LoggingSupport.java:47)
at com.microsoft.playwright.impl.ChannelOwner.withLogging(ChannelOwner.java:89)
at com.microsoft.playwright.impl.LoggingSupport.withLogging(LoggingSupport.java:35)
at com.microsoft.playwright.impl.FrameImpl.click(FrameImpl.java:243)
at com.microsoft.playwright.impl.LocatorImpl.click(LocatorImpl.java:160)
at com.microsoft.playwright.Locator.click(Locator.java:2406)
at HpaPlusMethods.DashboardMethod.dashboardNav(DashboardMethod.java:24)
at HpaTestCases.DashboardTest.DashTest(DashboardTest.java:27)
at java.base/java.util.ArrayList.forEach(ArrayList.java:1596)
Caused by: com.microsoft.playwright.TimeoutError: Error {
  message='Timeout 30000ms exceeded.
  name='TimeoutError
  stack='TimeoutError: Timeout 30000ms exceeded.
    at ProgressController.run (C:\Users\Lenovo\AppData\Local\Temp\playwright-java-86654289099877931\package\lib\server\progress.js:78:26)
    at Frame.click (C:\Users\Lenovo\AppData\Local\Temp\playwright-java-86654289099877931\package\lib\server\frames.js:1007:23)
    at FrameDispatcher.click (C:\Users\Lenovo\AppData\Local\Temp\playwright-java-86654289099877931\package\lib\server\dispatchers\frameDispatcher.js:157:30)
    at FrameDispatcher._handleCommand (C:\Users\Lenovo\AppData\Local\Temp\playwright-java-86654289099877931\package\lib\server\dispatchers\dispatcher.js:94:40)
    at DispatcherConnection.dispatch (C:\Users\Lenovo\AppData\Local\Temp\playwright-java-86654289099877931\package\lib\server\dispatchers\dispatcher.js:361:39)
}
Call log:
- waiting for locator("//button[@title= 'Next week']")

at com.microsoft.playwright.impl.Connection.dispatch(Connection.java:254)
at com.microsoft.playwright.impl.Connection.processOneMessage(Connection.java:211)
at com.microsoft.playwright.impl.ChannelOwner.runUntil(ChannelOwner.java:118)
... 44 more
... Removed 30 stack frames]]>
    </failure>
  </testcase> <!-- DashTest -->
  <testcase classname="HpaTestCases.LoginTest" name="loginmethodTest" time="4.206"/>
  <testcase classname="HpaTestCases.ShiftAddTests" name="NormalShiftTest" time="15.637"/>
  <testcase classname="HpaTestCases.ShiftAddTests" name="NormalShiftTest" time="14.904"/>
  <testcase classname="HpaTestCases.ShiftAddTests" name="NormalTrasnportTest" time="20.458"/>
  <testcase classname="HpaTestCases.ShiftAddTests" name="NormalTrasnportTest" time="20.544"/>
  <testcase classname="HpaTestCases.ShiftAddTests" name="SplitShiftTest" time="18.31"/>
  <testcase classname="HpaTestCases.ShiftAddTests" name="SplitShiftTest" time="19.563"/>
  <testcase classname="HpaTestCases.ShiftAddTests" name="RepeatTest" time="20.464"/>
  <testcase classname="HpaTestCases.ShiftAddTests" name="RepeatTest" time="21.329"/>
  <testcase classname="HpaTestCases.ShiftAddTests" name="RepeattrasnportTest" time="24.642"/>
  <testcase classname="HpaTestCases.ShiftAddTests" name="RepeattrasnportTest" time="24.289"/>
</testsuite> <!-- Surefire test -->
