<?xml version="1.0" encoding="UTF-8"?>
<!-- Generated by org.testng.reporters.JUnitXMLReporter -->
<testsuite ignored="0" hostname="DESKTOP-24PLHBT" failures="10" tests="13" name="Test" time="27.49" errors="0" timestamp="2025-08-25T12:57:11 IST">
  <testcase classname="HpaTestCases.AppOpenTest" name="appcall" time="9.504"/>
  <testcase classname="HpaTestCases.LoginTest" name="loginmethodTest" time="5.239"/>
  <testcase classname="HpaTestCases.DashboardTest" name="DashTest" time="3.629"/>
  <testcase classname="HpaTestCases.ShiftAddTests" name="NormalShiftTest" time="6.46">
    <failure type="com.microsoft.playwright.impl.TargetClosedError" message="Error {
  message=&amp;apos;Target page, context or browser has been closed
  name=&amp;apos;TargetClosedError
  stack=&amp;apos;TargetClosedError: Target page, context or browser has been closed
    at DispatcherConnection.dispatch (C:\Users\Lenovo\AppData\Local\Temp\playwright-java-15944170154312779295\package\lib\server\dispatchers\dispatcher.js:273:44)
    at transport.onmessage (C:\Users\Lenovo\AppData\Local\Temp\playwright-java-15944170154312779295\package\lib\cli\driver.js:52:57)
    at Immediate._onImmediate (C:\Users\Lenovo\AppData\Local\Temp\playwright-java-15944170154312779295\package\lib\protocol\transport.js:77:34)
    at process.processImmediate (node:internal/timers:483:21)
}">
      <![CDATA[com.microsoft.playwright.impl.TargetClosedError: Error {
  message='Target page, context or browser has been closed
  name='TargetClosedError
  stack='TargetClosedError: Target page, context or browser has been closed
    at DispatcherConnection.dispatch (C:\Users\Lenovo\AppData\Local\Temp\playwright-java-15944170154312779295\package\lib\server\dispatchers\dispatcher.js:273:44)
    at transport.onmessage (C:\Users\Lenovo\AppData\Local\Temp\playwright-java-15944170154312779295\package\lib\cli\driver.js:52:57)
    at Immediate._onImmediate (C:\Users\Lenovo\AppData\Local\Temp\playwright-java-15944170154312779295\package\lib\protocol\transport.js:77:34)
    at process.processImmediate (node:internal/timers:483:21)
}
at com.microsoft.playwright.impl.WaitableResult.get(WaitableResult.java:54)
at com.microsoft.playwright.impl.ChannelOwner.runUntil(ChannelOwner.java:120)
at com.microsoft.playwright.impl.Connection.sendMessage(Connection.java:130)
at com.microsoft.playwright.impl.ChannelOwner.sendMessage(ChannelOwner.java:106)
at com.microsoft.playwright.impl.FrameImpl.selectOption(FrameImpl.java:722)
at com.microsoft.playwright.impl.FrameImpl.selectOptionImpl(FrameImpl.java:689)
at com.microsoft.playwright.impl.FrameImpl.lambda$selectOption$31(FrameImpl.java:677)
at com.microsoft.playwright.impl.LoggingSupport.withLogging(LoggingSupport.java:47)
at com.microsoft.playwright.impl.ChannelOwner.withLogging(ChannelOwner.java:89)
at com.microsoft.playwright.impl.FrameImpl.selectOption(FrameImpl.java:677)
at com.microsoft.playwright.impl.FrameImpl.selectOption(FrameImpl.java:119)
at com.microsoft.playwright.impl.LocatorImpl.selectOption(LocatorImpl.java:511)
at com.microsoft.playwright.Locator.selectOption(Locator.java:4562)
at HpaPlusMethods.ShiftAddMethod.normalShift(ShiftAddMethod.java:105)
at HpaTestCases.ShiftAddTests.NormalShiftTest(ShiftAddTests.java:57)
at java.base/java.util.ArrayList.forEach(ArrayList.java:1596)
Caused by: com.microsoft.playwright.impl.TargetClosedError: Error {
  message='Target page, context or browser has been closed
  name='TargetClosedError
  stack='TargetClosedError: Target page, context or browser has been closed
    at DispatcherConnection.dispatch (C:\Users\Lenovo\AppData\Local\Temp\playwright-java-15944170154312779295\package\lib\server\dispatchers\dispatcher.js:273:44)
    at transport.onmessage (C:\Users\Lenovo\AppData\Local\Temp\playwright-java-15944170154312779295\package\lib\cli\driver.js:52:57)
    at Immediate._onImmediate (C:\Users\Lenovo\AppData\Local\Temp\playwright-java-15944170154312779295\package\lib\protocol\transport.js:77:34)
    at process.processImmediate (node:internal/timers:483:21)
}
at com.microsoft.playwright.impl.Connection.dispatch(Connection.java:256)
at com.microsoft.playwright.impl.Connection.processOneMessage(Connection.java:211)
at com.microsoft.playwright.impl.ChannelOwner.runUntil(ChannelOwner.java:118)
... 39 more
... Removed 25 stack frames]]>
    </failure>
  </testcase> <!-- NormalShiftTest -->
  <testcase classname="HpaTestCases.ShiftAddTests" name="NormalShiftTest" time="0.002">
    <failure type="com.microsoft.playwright.impl.TargetClosedError" message="Error {
  message=&amp;apos;Target page, context or browser has been closed
  name=&amp;apos;TargetClosedError
  stack=&amp;apos;TargetClosedError: Target page, context or browser has been closed
    at DispatcherConnection.dispatch (C:\Users\Lenovo\AppData\Local\Temp\playwright-java-15944170154312779295\package\lib\server\dispatchers\dispatcher.js:273:44)
    at transport.onmessage (C:\Users\Lenovo\AppData\Local\Temp\playwright-java-15944170154312779295\package\lib\cli\driver.js:52:57)
    at Immediate._onImmediate (C:\Users\Lenovo\AppData\Local\Temp\playwright-java-15944170154312779295\package\lib\protocol\transport.js:77:34)
    at process.processImmediate (node:internal/timers:483:21)
}">
      <![CDATA[com.microsoft.playwright.impl.TargetClosedError: Error {
  message='Target page, context or browser has been closed
  name='TargetClosedError
  stack='TargetClosedError: Target page, context or browser has been closed
    at DispatcherConnection.dispatch (C:\Users\Lenovo\AppData\Local\Temp\playwright-java-15944170154312779295\package\lib\server\dispatchers\dispatcher.js:273:44)
    at transport.onmessage (C:\Users\Lenovo\AppData\Local\Temp\playwright-java-15944170154312779295\package\lib\cli\driver.js:52:57)
    at Immediate._onImmediate (C:\Users\Lenovo\AppData\Local\Temp\playwright-java-15944170154312779295\package\lib\protocol\transport.js:77:34)
    at process.processImmediate (node:internal/timers:483:21)
}
at com.microsoft.playwright.impl.WaitableResult.get(WaitableResult.java:54)
at com.microsoft.playwright.impl.ChannelOwner.runUntil(ChannelOwner.java:120)
at com.microsoft.playwright.impl.Connection.sendMessage(Connection.java:130)
at com.microsoft.playwright.impl.ChannelOwner.sendMessage(ChannelOwner.java:106)
at com.microsoft.playwright.impl.FrameImpl.clickImpl(FrameImpl.java:252)
at com.microsoft.playwright.impl.FrameImpl.lambda$click$8(FrameImpl.java:243)
at com.microsoft.playwright.impl.LoggingSupport.lambda$withLogging$0(LoggingSupport.java:36)
at com.microsoft.playwright.impl.LoggingSupport.withLogging(LoggingSupport.java:47)
at com.microsoft.playwright.impl.ChannelOwner.withLogging(ChannelOwner.java:89)
at com.microsoft.playwright.impl.LoggingSupport.withLogging(LoggingSupport.java:35)
at com.microsoft.playwright.impl.FrameImpl.click(FrameImpl.java:243)
at com.microsoft.playwright.impl.LocatorImpl.click(LocatorImpl.java:160)
at com.microsoft.playwright.Locator.click(Locator.java:2406)
at HpaPlusMethods.ShiftAddMethod.normalShift(ShiftAddMethod.java:96)
at HpaTestCases.ShiftAddTests.NormalShiftTest(ShiftAddTests.java:57)
at java.base/java.util.ArrayList.forEach(ArrayList.java:1596)
Caused by: com.microsoft.playwright.impl.TargetClosedError: Error {
  message='Target page, context or browser has been closed
  name='TargetClosedError
  stack='TargetClosedError: Target page, context or browser has been closed
    at DispatcherConnection.dispatch (C:\Users\Lenovo\AppData\Local\Temp\playwright-java-15944170154312779295\package\lib\server\dispatchers\dispatcher.js:273:44)
    at transport.onmessage (C:\Users\Lenovo\AppData\Local\Temp\playwright-java-15944170154312779295\package\lib\cli\driver.js:52:57)
    at Immediate._onImmediate (C:\Users\Lenovo\AppData\Local\Temp\playwright-java-15944170154312779295\package\lib\protocol\transport.js:77:34)
    at process.processImmediate (node:internal/timers:483:21)
}
at com.microsoft.playwright.impl.Connection.dispatch(Connection.java:256)
at com.microsoft.playwright.impl.Connection.processOneMessage(Connection.java:211)
at com.microsoft.playwright.impl.ChannelOwner.runUntil(ChannelOwner.java:118)
... 39 more
... Removed 25 stack frames]]>
    </failure>
  </testcase> <!-- NormalShiftTest -->
  <testcase classname="HpaTestCases.ShiftAddTests" name="NormalTrasnportTest" time="0.005">
    <failure type="com.microsoft.playwright.impl.TargetClosedError" message="Error {
  message=&amp;apos;Target page, context or browser has been closed
  name=&amp;apos;TargetClosedError
  stack=&amp;apos;TargetClosedError: Target page, context or browser has been closed
    at DispatcherConnection.dispatch (C:\Users\Lenovo\AppData\Local\Temp\playwright-java-15944170154312779295\package\lib\server\dispatchers\dispatcher.js:273:44)
    at transport.onmessage (C:\Users\Lenovo\AppData\Local\Temp\playwright-java-15944170154312779295\package\lib\cli\driver.js:52:57)
    at Immediate._onImmediate (C:\Users\Lenovo\AppData\Local\Temp\playwright-java-15944170154312779295\package\lib\protocol\transport.js:77:34)
    at process.processImmediate (node:internal/timers:483:21)
}">
      <![CDATA[com.microsoft.playwright.impl.TargetClosedError: Error {
  message='Target page, context or browser has been closed
  name='TargetClosedError
  stack='TargetClosedError: Target page, context or browser has been closed
    at DispatcherConnection.dispatch (C:\Users\Lenovo\AppData\Local\Temp\playwright-java-15944170154312779295\package\lib\server\dispatchers\dispatcher.js:273:44)
    at transport.onmessage (C:\Users\Lenovo\AppData\Local\Temp\playwright-java-15944170154312779295\package\lib\cli\driver.js:52:57)
    at Immediate._onImmediate (C:\Users\Lenovo\AppData\Local\Temp\playwright-java-15944170154312779295\package\lib\protocol\transport.js:77:34)
    at process.processImmediate (node:internal/timers:483:21)
}
at com.microsoft.playwright.impl.WaitableResult.get(WaitableResult.java:54)
at com.microsoft.playwright.impl.ChannelOwner.runUntil(ChannelOwner.java:120)
at com.microsoft.playwright.impl.Connection.sendMessage(Connection.java:130)
at com.microsoft.playwright.impl.ChannelOwner.sendMessage(ChannelOwner.java:106)
at com.microsoft.playwright.impl.FrameImpl.clickImpl(FrameImpl.java:252)
at com.microsoft.playwright.impl.FrameImpl.lambda$click$8(FrameImpl.java:243)
at com.microsoft.playwright.impl.LoggingSupport.lambda$withLogging$0(LoggingSupport.java:36)
at com.microsoft.playwright.impl.LoggingSupport.withLogging(LoggingSupport.java:47)
at com.microsoft.playwright.impl.ChannelOwner.withLogging(ChannelOwner.java:89)
at com.microsoft.playwright.impl.LoggingSupport.withLogging(LoggingSupport.java:35)
at com.microsoft.playwright.impl.FrameImpl.click(FrameImpl.java:243)
at com.microsoft.playwright.impl.LocatorImpl.click(LocatorImpl.java:160)
at com.microsoft.playwright.Locator.click(Locator.java:2406)
at HpaPlusMethods.ShiftAddMethod.normaltranshift(ShiftAddMethod.java:137)
at HpaTestCases.ShiftAddTests.NormalTrasnportTest(ShiftAddTests.java:88)
at java.base/java.util.ArrayList.forEach(ArrayList.java:1596)
Caused by: com.microsoft.playwright.impl.TargetClosedError: Error {
  message='Target page, context or browser has been closed
  name='TargetClosedError
  stack='TargetClosedError: Target page, context or browser has been closed
    at DispatcherConnection.dispatch (C:\Users\Lenovo\AppData\Local\Temp\playwright-java-15944170154312779295\package\lib\server\dispatchers\dispatcher.js:273:44)
    at transport.onmessage (C:\Users\Lenovo\AppData\Local\Temp\playwright-java-15944170154312779295\package\lib\cli\driver.js:52:57)
    at Immediate._onImmediate (C:\Users\Lenovo\AppData\Local\Temp\playwright-java-15944170154312779295\package\lib\protocol\transport.js:77:34)
    at process.processImmediate (node:internal/timers:483:21)
}
at com.microsoft.playwright.impl.Connection.dispatch(Connection.java:256)
at com.microsoft.playwright.impl.Connection.processOneMessage(Connection.java:211)
at com.microsoft.playwright.impl.ChannelOwner.runUntil(ChannelOwner.java:118)
... 39 more
... Removed 25 stack frames]]>
    </failure>
  </testcase> <!-- NormalTrasnportTest -->
  <testcase classname="HpaTestCases.ShiftAddTests" name="NormalTrasnportTest" time="0.003">
    <failure type="com.microsoft.playwright.impl.TargetClosedError" message="Error {
  message=&amp;apos;Target page, context or browser has been closed
  name=&amp;apos;TargetClosedError
  stack=&amp;apos;TargetClosedError: Target page, context or browser has been closed
    at DispatcherConnection.dispatch (C:\Users\Lenovo\AppData\Local\Temp\playwright-java-15944170154312779295\package\lib\server\dispatchers\dispatcher.js:273:44)
    at transport.onmessage (C:\Users\Lenovo\AppData\Local\Temp\playwright-java-15944170154312779295\package\lib\cli\driver.js:52:57)
    at Immediate._onImmediate (C:\Users\Lenovo\AppData\Local\Temp\playwright-java-15944170154312779295\package\lib\protocol\transport.js:77:34)
    at process.processImmediate (node:internal/timers:483:21)
}">
      <![CDATA[com.microsoft.playwright.impl.TargetClosedError: Error {
  message='Target page, context or browser has been closed
  name='TargetClosedError
  stack='TargetClosedError: Target page, context or browser has been closed
    at DispatcherConnection.dispatch (C:\Users\Lenovo\AppData\Local\Temp\playwright-java-15944170154312779295\package\lib\server\dispatchers\dispatcher.js:273:44)
    at transport.onmessage (C:\Users\Lenovo\AppData\Local\Temp\playwright-java-15944170154312779295\package\lib\cli\driver.js:52:57)
    at Immediate._onImmediate (C:\Users\Lenovo\AppData\Local\Temp\playwright-java-15944170154312779295\package\lib\protocol\transport.js:77:34)
    at process.processImmediate (node:internal/timers:483:21)
}
at com.microsoft.playwright.impl.WaitableResult.get(WaitableResult.java:54)
at com.microsoft.playwright.impl.ChannelOwner.runUntil(ChannelOwner.java:120)
at com.microsoft.playwright.impl.Connection.sendMessage(Connection.java:130)
at com.microsoft.playwright.impl.ChannelOwner.sendMessage(ChannelOwner.java:106)
at com.microsoft.playwright.impl.FrameImpl.clickImpl(FrameImpl.java:252)
at com.microsoft.playwright.impl.FrameImpl.lambda$click$8(FrameImpl.java:243)
at com.microsoft.playwright.impl.LoggingSupport.lambda$withLogging$0(LoggingSupport.java:36)
at com.microsoft.playwright.impl.LoggingSupport.withLogging(LoggingSupport.java:47)
at com.microsoft.playwright.impl.ChannelOwner.withLogging(ChannelOwner.java:89)
at com.microsoft.playwright.impl.LoggingSupport.withLogging(LoggingSupport.java:35)
at com.microsoft.playwright.impl.FrameImpl.click(FrameImpl.java:243)
at com.microsoft.playwright.impl.LocatorImpl.click(LocatorImpl.java:160)
at com.microsoft.playwright.Locator.click(Locator.java:2406)
at HpaPlusMethods.ShiftAddMethod.normaltranshift(ShiftAddMethod.java:137)
at HpaTestCases.ShiftAddTests.NormalTrasnportTest(ShiftAddTests.java:88)
at java.base/java.util.ArrayList.forEach(ArrayList.java:1596)
Caused by: com.microsoft.playwright.impl.TargetClosedError: Error {
  message='Target page, context or browser has been closed
  name='TargetClosedError
  stack='TargetClosedError: Target page, context or browser has been closed
    at DispatcherConnection.dispatch (C:\Users\Lenovo\AppData\Local\Temp\playwright-java-15944170154312779295\package\lib\server\dispatchers\dispatcher.js:273:44)
    at transport.onmessage (C:\Users\Lenovo\AppData\Local\Temp\playwright-java-15944170154312779295\package\lib\cli\driver.js:52:57)
    at Immediate._onImmediate (C:\Users\Lenovo\AppData\Local\Temp\playwright-java-15944170154312779295\package\lib\protocol\transport.js:77:34)
    at process.processImmediate (node:internal/timers:483:21)
}
at com.microsoft.playwright.impl.Connection.dispatch(Connection.java:256)
at com.microsoft.playwright.impl.Connection.processOneMessage(Connection.java:211)
at com.microsoft.playwright.impl.ChannelOwner.runUntil(ChannelOwner.java:118)
... 39 more
... Removed 25 stack frames]]>
    </failure>
  </testcase> <!-- NormalTrasnportTest -->
  <testcase classname="HpaTestCases.ShiftAddTests" name="SplitShiftTest" time="0.001">
    <failure type="com.microsoft.playwright.impl.TargetClosedError" message="Error {
  message=&amp;apos;Target page, context or browser has been closed
  name=&amp;apos;TargetClosedError
  stack=&amp;apos;TargetClosedError: Target page, context or browser has been closed
    at DispatcherConnection.dispatch (C:\Users\Lenovo\AppData\Local\Temp\playwright-java-15944170154312779295\package\lib\server\dispatchers\dispatcher.js:273:44)
    at transport.onmessage (C:\Users\Lenovo\AppData\Local\Temp\playwright-java-15944170154312779295\package\lib\cli\driver.js:52:57)
    at Immediate._onImmediate (C:\Users\Lenovo\AppData\Local\Temp\playwright-java-15944170154312779295\package\lib\protocol\transport.js:77:34)
    at process.processImmediate (node:internal/timers:483:21)
}">
      <![CDATA[com.microsoft.playwright.impl.TargetClosedError: Error {
  message='Target page, context or browser has been closed
  name='TargetClosedError
  stack='TargetClosedError: Target page, context or browser has been closed
    at DispatcherConnection.dispatch (C:\Users\Lenovo\AppData\Local\Temp\playwright-java-15944170154312779295\package\lib\server\dispatchers\dispatcher.js:273:44)
    at transport.onmessage (C:\Users\Lenovo\AppData\Local\Temp\playwright-java-15944170154312779295\package\lib\cli\driver.js:52:57)
    at Immediate._onImmediate (C:\Users\Lenovo\AppData\Local\Temp\playwright-java-15944170154312779295\package\lib\protocol\transport.js:77:34)
    at process.processImmediate (node:internal/timers:483:21)
}
at com.microsoft.playwright.impl.WaitableResult.get(WaitableResult.java:54)
at com.microsoft.playwright.impl.ChannelOwner.runUntil(ChannelOwner.java:120)
at com.microsoft.playwright.impl.Connection.sendMessage(Connection.java:130)
at com.microsoft.playwright.impl.ChannelOwner.sendMessage(ChannelOwner.java:106)
at com.microsoft.playwright.impl.FrameImpl.clickImpl(FrameImpl.java:252)
at com.microsoft.playwright.impl.FrameImpl.lambda$click$8(FrameImpl.java:243)
at com.microsoft.playwright.impl.LoggingSupport.lambda$withLogging$0(LoggingSupport.java:36)
at com.microsoft.playwright.impl.LoggingSupport.withLogging(LoggingSupport.java:47)
at com.microsoft.playwright.impl.ChannelOwner.withLogging(ChannelOwner.java:89)
at com.microsoft.playwright.impl.LoggingSupport.withLogging(LoggingSupport.java:35)
at com.microsoft.playwright.impl.FrameImpl.click(FrameImpl.java:243)
at com.microsoft.playwright.impl.LocatorImpl.click(LocatorImpl.java:160)
at com.microsoft.playwright.Locator.click(Locator.java:2406)
at HpaPlusMethods.ShiftAddMethod.NormalSplitShift(ShiftAddMethod.java:178)
at HpaTestCases.ShiftAddTests.SplitShiftTest(ShiftAddTests.java:116)
at java.base/java.util.ArrayList.forEach(ArrayList.java:1596)
Caused by: com.microsoft.playwright.impl.TargetClosedError: Error {
  message='Target page, context or browser has been closed
  name='TargetClosedError
  stack='TargetClosedError: Target page, context or browser has been closed
    at DispatcherConnection.dispatch (C:\Users\Lenovo\AppData\Local\Temp\playwright-java-15944170154312779295\package\lib\server\dispatchers\dispatcher.js:273:44)
    at transport.onmessage (C:\Users\Lenovo\AppData\Local\Temp\playwright-java-15944170154312779295\package\lib\cli\driver.js:52:57)
    at Immediate._onImmediate (C:\Users\Lenovo\AppData\Local\Temp\playwright-java-15944170154312779295\package\lib\protocol\transport.js:77:34)
    at process.processImmediate (node:internal/timers:483:21)
}
at com.microsoft.playwright.impl.Connection.dispatch(Connection.java:256)
at com.microsoft.playwright.impl.Connection.processOneMessage(Connection.java:211)
at com.microsoft.playwright.impl.ChannelOwner.runUntil(ChannelOwner.java:118)
... 39 more
... Removed 25 stack frames]]>
    </failure>
  </testcase> <!-- SplitShiftTest -->
  <testcase classname="HpaTestCases.ShiftAddTests" name="SplitShiftTest" time="0.002">
    <failure type="com.microsoft.playwright.impl.TargetClosedError" message="Error {
  message=&amp;apos;Target page, context or browser has been closed
  name=&amp;apos;TargetClosedError
  stack=&amp;apos;TargetClosedError: Target page, context or browser has been closed
    at DispatcherConnection.dispatch (C:\Users\Lenovo\AppData\Local\Temp\playwright-java-15944170154312779295\package\lib\server\dispatchers\dispatcher.js:273:44)
    at transport.onmessage (C:\Users\Lenovo\AppData\Local\Temp\playwright-java-15944170154312779295\package\lib\cli\driver.js:52:57)
    at Immediate._onImmediate (C:\Users\Lenovo\AppData\Local\Temp\playwright-java-15944170154312779295\package\lib\protocol\transport.js:77:34)
    at process.processImmediate (node:internal/timers:483:21)
}">
      <![CDATA[com.microsoft.playwright.impl.TargetClosedError: Error {
  message='Target page, context or browser has been closed
  name='TargetClosedError
  stack='TargetClosedError: Target page, context or browser has been closed
    at DispatcherConnection.dispatch (C:\Users\Lenovo\AppData\Local\Temp\playwright-java-15944170154312779295\package\lib\server\dispatchers\dispatcher.js:273:44)
    at transport.onmessage (C:\Users\Lenovo\AppData\Local\Temp\playwright-java-15944170154312779295\package\lib\cli\driver.js:52:57)
    at Immediate._onImmediate (C:\Users\Lenovo\AppData\Local\Temp\playwright-java-15944170154312779295\package\lib\protocol\transport.js:77:34)
    at process.processImmediate (node:internal/timers:483:21)
}
at com.microsoft.playwright.impl.WaitableResult.get(WaitableResult.java:54)
at com.microsoft.playwright.impl.ChannelOwner.runUntil(ChannelOwner.java:120)
at com.microsoft.playwright.impl.Connection.sendMessage(Connection.java:130)
at com.microsoft.playwright.impl.ChannelOwner.sendMessage(ChannelOwner.java:106)
at com.microsoft.playwright.impl.FrameImpl.clickImpl(FrameImpl.java:252)
at com.microsoft.playwright.impl.FrameImpl.lambda$click$8(FrameImpl.java:243)
at com.microsoft.playwright.impl.LoggingSupport.lambda$withLogging$0(LoggingSupport.java:36)
at com.microsoft.playwright.impl.LoggingSupport.withLogging(LoggingSupport.java:47)
at com.microsoft.playwright.impl.ChannelOwner.withLogging(ChannelOwner.java:89)
at com.microsoft.playwright.impl.LoggingSupport.withLogging(LoggingSupport.java:35)
at com.microsoft.playwright.impl.FrameImpl.click(FrameImpl.java:243)
at com.microsoft.playwright.impl.LocatorImpl.click(LocatorImpl.java:160)
at com.microsoft.playwright.Locator.click(Locator.java:2406)
at HpaPlusMethods.ShiftAddMethod.NormalSplitShift(ShiftAddMethod.java:178)
at HpaTestCases.ShiftAddTests.SplitShiftTest(ShiftAddTests.java:116)
at java.base/java.util.ArrayList.forEach(ArrayList.java:1596)
Caused by: com.microsoft.playwright.impl.TargetClosedError: Error {
  message='Target page, context or browser has been closed
  name='TargetClosedError
  stack='TargetClosedError: Target page, context or browser has been closed
    at DispatcherConnection.dispatch (C:\Users\Lenovo\AppData\Local\Temp\playwright-java-15944170154312779295\package\lib\server\dispatchers\dispatcher.js:273:44)
    at transport.onmessage (C:\Users\Lenovo\AppData\Local\Temp\playwright-java-15944170154312779295\package\lib\cli\driver.js:52:57)
    at Immediate._onImmediate (C:\Users\Lenovo\AppData\Local\Temp\playwright-java-15944170154312779295\package\lib\protocol\transport.js:77:34)
    at process.processImmediate (node:internal/timers:483:21)
}
at com.microsoft.playwright.impl.Connection.dispatch(Connection.java:256)
at com.microsoft.playwright.impl.Connection.processOneMessage(Connection.java:211)
at com.microsoft.playwright.impl.ChannelOwner.runUntil(ChannelOwner.java:118)
... 39 more
... Removed 25 stack frames]]>
    </failure>
  </testcase> <!-- SplitShiftTest -->
  <testcase classname="HpaTestCases.ShiftAddTests" name="RepeatTest" time="0.004">
    <failure type="com.microsoft.playwright.impl.TargetClosedError" message="Error {
  message=&amp;apos;Target page, context or browser has been closed
  name=&amp;apos;TargetClosedError
  stack=&amp;apos;TargetClosedError: Target page, context or browser has been closed
    at DispatcherConnection.dispatch (C:\Users\Lenovo\AppData\Local\Temp\playwright-java-15944170154312779295\package\lib\server\dispatchers\dispatcher.js:273:44)
    at transport.onmessage (C:\Users\Lenovo\AppData\Local\Temp\playwright-java-15944170154312779295\package\lib\cli\driver.js:52:57)
    at Immediate._onImmediate (C:\Users\Lenovo\AppData\Local\Temp\playwright-java-15944170154312779295\package\lib\protocol\transport.js:77:34)
    at process.processImmediate (node:internal/timers:483:21)
}">
      <![CDATA[com.microsoft.playwright.impl.TargetClosedError: Error {
  message='Target page, context or browser has been closed
  name='TargetClosedError
  stack='TargetClosedError: Target page, context or browser has been closed
    at DispatcherConnection.dispatch (C:\Users\Lenovo\AppData\Local\Temp\playwright-java-15944170154312779295\package\lib\server\dispatchers\dispatcher.js:273:44)
    at transport.onmessage (C:\Users\Lenovo\AppData\Local\Temp\playwright-java-15944170154312779295\package\lib\cli\driver.js:52:57)
    at Immediate._onImmediate (C:\Users\Lenovo\AppData\Local\Temp\playwright-java-15944170154312779295\package\lib\protocol\transport.js:77:34)
    at process.processImmediate (node:internal/timers:483:21)
}
at com.microsoft.playwright.impl.WaitableResult.get(WaitableResult.java:54)
at com.microsoft.playwright.impl.ChannelOwner.runUntil(ChannelOwner.java:120)
at com.microsoft.playwright.impl.Connection.sendMessage(Connection.java:130)
at com.microsoft.playwright.impl.ChannelOwner.sendMessage(ChannelOwner.java:106)
at com.microsoft.playwright.impl.FrameImpl.clickImpl(FrameImpl.java:252)
at com.microsoft.playwright.impl.FrameImpl.lambda$click$8(FrameImpl.java:243)
at com.microsoft.playwright.impl.LoggingSupport.lambda$withLogging$0(LoggingSupport.java:36)
at com.microsoft.playwright.impl.LoggingSupport.withLogging(LoggingSupport.java:47)
at com.microsoft.playwright.impl.ChannelOwner.withLogging(ChannelOwner.java:89)
at com.microsoft.playwright.impl.LoggingSupport.withLogging(LoggingSupport.java:35)
at com.microsoft.playwright.impl.FrameImpl.click(FrameImpl.java:243)
at com.microsoft.playwright.impl.LocatorImpl.click(LocatorImpl.java:160)
at com.microsoft.playwright.Locator.click(Locator.java:2406)
at HpaPlusMethods.ShiftAddMethod.NormalRepeatShift(ShiftAddMethod.java:217)
at HpaTestCases.ShiftAddTests.RepeatTest(ShiftAddTests.java:145)
at java.base/java.util.ArrayList.forEach(ArrayList.java:1596)
Caused by: com.microsoft.playwright.impl.TargetClosedError: Error {
  message='Target page, context or browser has been closed
  name='TargetClosedError
  stack='TargetClosedError: Target page, context or browser has been closed
    at DispatcherConnection.dispatch (C:\Users\Lenovo\AppData\Local\Temp\playwright-java-15944170154312779295\package\lib\server\dispatchers\dispatcher.js:273:44)
    at transport.onmessage (C:\Users\Lenovo\AppData\Local\Temp\playwright-java-15944170154312779295\package\lib\cli\driver.js:52:57)
    at Immediate._onImmediate (C:\Users\Lenovo\AppData\Local\Temp\playwright-java-15944170154312779295\package\lib\protocol\transport.js:77:34)
    at process.processImmediate (node:internal/timers:483:21)
}
at com.microsoft.playwright.impl.Connection.dispatch(Connection.java:256)
at com.microsoft.playwright.impl.Connection.processOneMessage(Connection.java:211)
at com.microsoft.playwright.impl.ChannelOwner.runUntil(ChannelOwner.java:118)
... 39 more
... Removed 25 stack frames]]>
    </failure>
  </testcase> <!-- RepeatTest -->
  <testcase classname="HpaTestCases.ShiftAddTests" name="RepeatTest" time="0.001">
    <failure type="com.microsoft.playwright.impl.TargetClosedError" message="Error {
  message=&amp;apos;Target page, context or browser has been closed
  name=&amp;apos;TargetClosedError
  stack=&amp;apos;TargetClosedError: Target page, context or browser has been closed
    at DispatcherConnection.dispatch (C:\Users\Lenovo\AppData\Local\Temp\playwright-java-15944170154312779295\package\lib\server\dispatchers\dispatcher.js:273:44)
    at transport.onmessage (C:\Users\Lenovo\AppData\Local\Temp\playwright-java-15944170154312779295\package\lib\cli\driver.js:52:57)
    at Immediate._onImmediate (C:\Users\Lenovo\AppData\Local\Temp\playwright-java-15944170154312779295\package\lib\protocol\transport.js:77:34)
    at process.processImmediate (node:internal/timers:483:21)
}">
      <![CDATA[com.microsoft.playwright.impl.TargetClosedError: Error {
  message='Target page, context or browser has been closed
  name='TargetClosedError
  stack='TargetClosedError: Target page, context or browser has been closed
    at DispatcherConnection.dispatch (C:\Users\Lenovo\AppData\Local\Temp\playwright-java-15944170154312779295\package\lib\server\dispatchers\dispatcher.js:273:44)
    at transport.onmessage (C:\Users\Lenovo\AppData\Local\Temp\playwright-java-15944170154312779295\package\lib\cli\driver.js:52:57)
    at Immediate._onImmediate (C:\Users\Lenovo\AppData\Local\Temp\playwright-java-15944170154312779295\package\lib\protocol\transport.js:77:34)
    at process.processImmediate (node:internal/timers:483:21)
}
at com.microsoft.playwright.impl.WaitableResult.get(WaitableResult.java:54)
at com.microsoft.playwright.impl.ChannelOwner.runUntil(ChannelOwner.java:120)
at com.microsoft.playwright.impl.Connection.sendMessage(Connection.java:130)
at com.microsoft.playwright.impl.ChannelOwner.sendMessage(ChannelOwner.java:106)
at com.microsoft.playwright.impl.FrameImpl.clickImpl(FrameImpl.java:252)
at com.microsoft.playwright.impl.FrameImpl.lambda$click$8(FrameImpl.java:243)
at com.microsoft.playwright.impl.LoggingSupport.lambda$withLogging$0(LoggingSupport.java:36)
at com.microsoft.playwright.impl.LoggingSupport.withLogging(LoggingSupport.java:47)
at com.microsoft.playwright.impl.ChannelOwner.withLogging(ChannelOwner.java:89)
at com.microsoft.playwright.impl.LoggingSupport.withLogging(LoggingSupport.java:35)
at com.microsoft.playwright.impl.FrameImpl.click(FrameImpl.java:243)
at com.microsoft.playwright.impl.LocatorImpl.click(LocatorImpl.java:160)
at com.microsoft.playwright.Locator.click(Locator.java:2406)
at HpaPlusMethods.ShiftAddMethod.NormalRepeatShift(ShiftAddMethod.java:217)
at HpaTestCases.ShiftAddTests.RepeatTest(ShiftAddTests.java:145)
at java.base/java.util.ArrayList.forEach(ArrayList.java:1596)
Caused by: com.microsoft.playwright.impl.TargetClosedError: Error {
  message='Target page, context or browser has been closed
  name='TargetClosedError
  stack='TargetClosedError: Target page, context or browser has been closed
    at DispatcherConnection.dispatch (C:\Users\Lenovo\AppData\Local\Temp\playwright-java-15944170154312779295\package\lib\server\dispatchers\dispatcher.js:273:44)
    at transport.onmessage (C:\Users\Lenovo\AppData\Local\Temp\playwright-java-15944170154312779295\package\lib\cli\driver.js:52:57)
    at Immediate._onImmediate (C:\Users\Lenovo\AppData\Local\Temp\playwright-java-15944170154312779295\package\lib\protocol\transport.js:77:34)
    at process.processImmediate (node:internal/timers:483:21)
}
at com.microsoft.playwright.impl.Connection.dispatch(Connection.java:256)
at com.microsoft.playwright.impl.Connection.processOneMessage(Connection.java:211)
at com.microsoft.playwright.impl.ChannelOwner.runUntil(ChannelOwner.java:118)
... 39 more
... Removed 25 stack frames]]>
    </failure>
  </testcase> <!-- RepeatTest -->
  <testcase classname="HpaTestCases.ShiftAddTests" name="RepeattrasnportTest" time="0.003">
    <failure type="com.microsoft.playwright.impl.TargetClosedError" message="Error {
  message=&amp;apos;Target page, context or browser has been closed
  name=&amp;apos;TargetClosedError
  stack=&amp;apos;TargetClosedError: Target page, context or browser has been closed
    at DispatcherConnection.dispatch (C:\Users\Lenovo\AppData\Local\Temp\playwright-java-15944170154312779295\package\lib\server\dispatchers\dispatcher.js:273:44)
    at transport.onmessage (C:\Users\Lenovo\AppData\Local\Temp\playwright-java-15944170154312779295\package\lib\cli\driver.js:52:57)
    at Immediate._onImmediate (C:\Users\Lenovo\AppData\Local\Temp\playwright-java-15944170154312779295\package\lib\protocol\transport.js:77:34)
    at process.processImmediate (node:internal/timers:483:21)
}">
      <![CDATA[com.microsoft.playwright.impl.TargetClosedError: Error {
  message='Target page, context or browser has been closed
  name='TargetClosedError
  stack='TargetClosedError: Target page, context or browser has been closed
    at DispatcherConnection.dispatch (C:\Users\Lenovo\AppData\Local\Temp\playwright-java-15944170154312779295\package\lib\server\dispatchers\dispatcher.js:273:44)
    at transport.onmessage (C:\Users\Lenovo\AppData\Local\Temp\playwright-java-15944170154312779295\package\lib\cli\driver.js:52:57)
    at Immediate._onImmediate (C:\Users\Lenovo\AppData\Local\Temp\playwright-java-15944170154312779295\package\lib\protocol\transport.js:77:34)
    at process.processImmediate (node:internal/timers:483:21)
}
at com.microsoft.playwright.impl.WaitableResult.get(WaitableResult.java:54)
at com.microsoft.playwright.impl.ChannelOwner.runUntil(ChannelOwner.java:120)
at com.microsoft.playwright.impl.Connection.sendMessage(Connection.java:130)
at com.microsoft.playwright.impl.ChannelOwner.sendMessage(ChannelOwner.java:106)
at com.microsoft.playwright.impl.FrameImpl.clickImpl(FrameImpl.java:252)
at com.microsoft.playwright.impl.FrameImpl.lambda$click$8(FrameImpl.java:243)
at com.microsoft.playwright.impl.LoggingSupport.lambda$withLogging$0(LoggingSupport.java:36)
at com.microsoft.playwright.impl.LoggingSupport.withLogging(LoggingSupport.java:47)
at com.microsoft.playwright.impl.ChannelOwner.withLogging(ChannelOwner.java:89)
at com.microsoft.playwright.impl.LoggingSupport.withLogging(LoggingSupport.java:35)
at com.microsoft.playwright.impl.FrameImpl.click(FrameImpl.java:243)
at com.microsoft.playwright.impl.LocatorImpl.click(LocatorImpl.java:160)
at com.microsoft.playwright.Locator.click(Locator.java:2406)
at HpaPlusMethods.ShiftAddMethod.NormalRepeatTransShift(ShiftAddMethod.java:261)
at HpaTestCases.ShiftAddTests.RepeattrasnportTest(ShiftAddTests.java:173)
at java.base/java.util.ArrayList.forEach(ArrayList.java:1596)
Caused by: com.microsoft.playwright.impl.TargetClosedError: Error {
  message='Target page, context or browser has been closed
  name='TargetClosedError
  stack='TargetClosedError: Target page, context or browser has been closed
    at DispatcherConnection.dispatch (C:\Users\Lenovo\AppData\Local\Temp\playwright-java-15944170154312779295\package\lib\server\dispatchers\dispatcher.js:273:44)
    at transport.onmessage (C:\Users\Lenovo\AppData\Local\Temp\playwright-java-15944170154312779295\package\lib\cli\driver.js:52:57)
    at Immediate._onImmediate (C:\Users\Lenovo\AppData\Local\Temp\playwright-java-15944170154312779295\package\lib\protocol\transport.js:77:34)
    at process.processImmediate (node:internal/timers:483:21)
}
at com.microsoft.playwright.impl.Connection.dispatch(Connection.java:256)
at com.microsoft.playwright.impl.Connection.processOneMessage(Connection.java:211)
at com.microsoft.playwright.impl.ChannelOwner.runUntil(ChannelOwner.java:118)
... 39 more
... Removed 25 stack frames]]>
    </failure>
  </testcase> <!-- RepeattrasnportTest -->
  <testcase classname="HpaTestCases.ShiftAddTests" name="RepeattrasnportTest" time="0.003">
    <failure type="com.microsoft.playwright.impl.TargetClosedError" message="Error {
  message=&amp;apos;Target page, context or browser has been closed
  name=&amp;apos;TargetClosedError
  stack=&amp;apos;TargetClosedError: Target page, context or browser has been closed
    at DispatcherConnection.dispatch (C:\Users\Lenovo\AppData\Local\Temp\playwright-java-15944170154312779295\package\lib\server\dispatchers\dispatcher.js:273:44)
    at transport.onmessage (C:\Users\Lenovo\AppData\Local\Temp\playwright-java-15944170154312779295\package\lib\cli\driver.js:52:57)
    at Immediate._onImmediate (C:\Users\Lenovo\AppData\Local\Temp\playwright-java-15944170154312779295\package\lib\protocol\transport.js:77:34)
    at process.processImmediate (node:internal/timers:483:21)
}">
      <![CDATA[com.microsoft.playwright.impl.TargetClosedError: Error {
  message='Target page, context or browser has been closed
  name='TargetClosedError
  stack='TargetClosedError: Target page, context or browser has been closed
    at DispatcherConnection.dispatch (C:\Users\Lenovo\AppData\Local\Temp\playwright-java-15944170154312779295\package\lib\server\dispatchers\dispatcher.js:273:44)
    at transport.onmessage (C:\Users\Lenovo\AppData\Local\Temp\playwright-java-15944170154312779295\package\lib\cli\driver.js:52:57)
    at Immediate._onImmediate (C:\Users\Lenovo\AppData\Local\Temp\playwright-java-15944170154312779295\package\lib\protocol\transport.js:77:34)
    at process.processImmediate (node:internal/timers:483:21)
}
at com.microsoft.playwright.impl.WaitableResult.get(WaitableResult.java:54)
at com.microsoft.playwright.impl.ChannelOwner.runUntil(ChannelOwner.java:120)
at com.microsoft.playwright.impl.Connection.sendMessage(Connection.java:130)
at com.microsoft.playwright.impl.ChannelOwner.sendMessage(ChannelOwner.java:106)
at com.microsoft.playwright.impl.FrameImpl.clickImpl(FrameImpl.java:252)
at com.microsoft.playwright.impl.FrameImpl.lambda$click$8(FrameImpl.java:243)
at com.microsoft.playwright.impl.LoggingSupport.lambda$withLogging$0(LoggingSupport.java:36)
at com.microsoft.playwright.impl.LoggingSupport.withLogging(LoggingSupport.java:47)
at com.microsoft.playwright.impl.ChannelOwner.withLogging(ChannelOwner.java:89)
at com.microsoft.playwright.impl.LoggingSupport.withLogging(LoggingSupport.java:35)
at com.microsoft.playwright.impl.FrameImpl.click(FrameImpl.java:243)
at com.microsoft.playwright.impl.LocatorImpl.click(LocatorImpl.java:160)
at com.microsoft.playwright.Locator.click(Locator.java:2406)
at HpaPlusMethods.ShiftAddMethod.NormalRepeatTransShift(ShiftAddMethod.java:261)
at HpaTestCases.ShiftAddTests.RepeattrasnportTest(ShiftAddTests.java:173)
at java.base/java.util.ArrayList.forEach(ArrayList.java:1596)
Caused by: com.microsoft.playwright.impl.TargetClosedError: Error {
  message='Target page, context or browser has been closed
  name='TargetClosedError
  stack='TargetClosedError: Target page, context or browser has been closed
    at DispatcherConnection.dispatch (C:\Users\Lenovo\AppData\Local\Temp\playwright-java-15944170154312779295\package\lib\server\dispatchers\dispatcher.js:273:44)
    at transport.onmessage (C:\Users\Lenovo\AppData\Local\Temp\playwright-java-15944170154312779295\package\lib\cli\driver.js:52:57)
    at Immediate._onImmediate (C:\Users\Lenovo\AppData\Local\Temp\playwright-java-15944170154312779295\package\lib\protocol\transport.js:77:34)
    at process.processImmediate (node:internal/timers:483:21)
}
at com.microsoft.playwright.impl.Connection.dispatch(Connection.java:256)
at com.microsoft.playwright.impl.Connection.processOneMessage(Connection.java:211)
at com.microsoft.playwright.impl.ChannelOwner.runUntil(ChannelOwner.java:118)
... 39 more
... Removed 25 stack frames]]>
    </failure>
  </testcase> <!-- RepeattrasnportTest -->
</testsuite> <!-- Test -->
