<?xml version="1.0" encoding="UTF-8"?>
<testng-results ignored="0" total="13" passed="12" failed="1" skipped="0">
  <reporter-output>
  </reporter-output>
  <suite started-at="2025-08-25T16:15:47 IST" name="Surefire suite" finished-at="2025-08-25T16:20:00 IST" duration-ms="253114">
    <groups>
      <group name="ShiftAddTests">
        <method signature="AppOpenTest.appcall()[pri:0, instance:HpaTestCases.AppOpenTest@25084a1e]" name="appcall" class="HpaTestCases.AppOpenTest"/>
        <method signature="DashboardTest.DashTest()[pri:0, instance:HpaTestCases.DashboardTest@5562c41e]" name="DashTest" class="HpaTestCases.DashboardTest"/>
        <method signature="LoginTest.loginmethodTest()[pri:0, instance:HpaTestCases.LoginTest@32ee6fee]" name="loginmethodTest" class="HpaTestCases.LoginTest"/>
        <method signature="ShiftAddTests.NormalShiftTest(java.lang.String,int,int,java.lang.String,java.lang.String,int,int,java.lang.String,java.lang.String,java.lang.String)[pri:1, instance:HpaTestCases.ShiftAddTests@73e22a3d]" name="NormalShiftTest" class="HpaTestCases.ShiftAddTests"/>
        <method signature="ShiftAddTests.NormalTrasnportTest(java.lang.String,int,int,java.lang.String,java.lang.String,int,int,java.lang.String,java.lang.String,java.lang.String)[pri:2, instance:HpaTestCases.ShiftAddTests@73e22a3d]" name="NormalTrasnportTest" class="HpaTestCases.ShiftAddTests"/>
        <method signature="ShiftAddTests.SplitShiftTest(java.lang.String,int,int,java.lang.String,java.lang.String,int,int,java.lang.String,java.lang.String,java.lang.String)[pri:3, instance:HpaTestCases.ShiftAddTests@73e22a3d]" name="SplitShiftTest" class="HpaTestCases.ShiftAddTests"/>
        <method signature="ShiftAddTests.RepeatTest(java.lang.String,int,int,java.lang.String,java.lang.String,int,int,java.lang.String,java.lang.String,java.lang.String)[pri:4, instance:HpaTestCases.ShiftAddTests@73e22a3d]" name="RepeatTest" class="HpaTestCases.ShiftAddTests"/>
        <method signature="ShiftAddTests.RepeattrasnportTest(java.lang.String,int,int,java.lang.String,java.lang.String,int,int,java.lang.String,java.lang.String,java.lang.String)[pri:5, instance:HpaTestCases.ShiftAddTests@73e22a3d]" name="RepeattrasnportTest" class="HpaTestCases.ShiftAddTests"/>
      </group> <!-- ShiftAddTests -->
    </groups>
    <test started-at="2025-08-25T16:15:47 IST" name="Surefire test" finished-at="2025-08-25T16:20:00 IST" duration-ms="253114">
      <class name="HpaTestCases.DashboardTest">
        <test-method signature="DashTest()[pri:0, instance:HpaTestCases.DashboardTest@5562c41e]" started-at="2025-08-25T16:16:02 IST" name="DashTest" finished-at="2025-08-25T16:16:33 IST" duration-ms="31033" status="FAIL">
          <exception class="com.microsoft.playwright.TimeoutError">
            <message>
              <![CDATA[Error {
  message='Timeout 30000ms exceeded.
  name='TimeoutError
  stack='TimeoutError: Timeout 30000ms exceeded.
    at ProgressController.run (C:\Users\Lenovo\AppData\Local\Temp\playwright-java-86654289099877931\package\lib\server\progress.js:78:26)
    at Frame.click (C:\Users\Lenovo\AppData\Local\Temp\playwright-java-86654289099877931\package\lib\server\frames.js:1007:23)
    at FrameDispatcher.click (C:\Users\Lenovo\AppData\Local\Temp\playwright-java-86654289099877931\package\lib\server\dispatchers\frameDispatcher.js:157:30)
    at FrameDispatcher._handleCommand (C:\Users\Lenovo\AppData\Local\Temp\playwright-java-86654289099877931\package\lib\server\dispatchers\dispatcher.js:94:40)
    at DispatcherConnection.dispatch (C:\Users\Lenovo\AppData\Local\Temp\playwright-java-86654289099877931\package\lib\server\dispatchers\dispatcher.js:361:39)
}
Call log:
- waiting for locator("//button[@title= 'Next week']")
]]>
            </message>
            <full-stacktrace>
              <![CDATA[com.microsoft.playwright.TimeoutError: Error {
  message='Timeout 30000ms exceeded.
  name='TimeoutError
  stack='TimeoutError: Timeout 30000ms exceeded.
    at ProgressController.run (C:\Users\Lenovo\AppData\Local\Temp\playwright-java-86654289099877931\package\lib\server\progress.js:78:26)
    at Frame.click (C:\Users\Lenovo\AppData\Local\Temp\playwright-java-86654289099877931\package\lib\server\frames.js:1007:23)
    at FrameDispatcher.click (C:\Users\Lenovo\AppData\Local\Temp\playwright-java-86654289099877931\package\lib\server\dispatchers\frameDispatcher.js:157:30)
    at FrameDispatcher._handleCommand (C:\Users\Lenovo\AppData\Local\Temp\playwright-java-86654289099877931\package\lib\server\dispatchers\dispatcher.js:94:40)
    at DispatcherConnection.dispatch (C:\Users\Lenovo\AppData\Local\Temp\playwright-java-86654289099877931\package\lib\server\dispatchers\dispatcher.js:361:39)
}
Call log:
- waiting for locator("//button[@title= 'Next week']")

at com.microsoft.playwright.impl.WaitableResult.get(WaitableResult.java:52)
at com.microsoft.playwright.impl.ChannelOwner.runUntil(ChannelOwner.java:120)
at com.microsoft.playwright.impl.Connection.sendMessage(Connection.java:130)
at com.microsoft.playwright.impl.ChannelOwner.sendMessage(ChannelOwner.java:106)
at com.microsoft.playwright.impl.FrameImpl.clickImpl(FrameImpl.java:252)
at com.microsoft.playwright.impl.FrameImpl.lambda$click$8(FrameImpl.java:243)
at com.microsoft.playwright.impl.LoggingSupport.lambda$withLogging$0(LoggingSupport.java:36)
at com.microsoft.playwright.impl.LoggingSupport.withLogging(LoggingSupport.java:47)
at com.microsoft.playwright.impl.ChannelOwner.withLogging(ChannelOwner.java:89)
at com.microsoft.playwright.impl.LoggingSupport.withLogging(LoggingSupport.java:35)
at com.microsoft.playwright.impl.FrameImpl.click(FrameImpl.java:243)
at com.microsoft.playwright.impl.LocatorImpl.click(LocatorImpl.java:160)
at com.microsoft.playwright.Locator.click(Locator.java:2406)
at HpaPlusMethods.DashboardMethod.dashboardNav(DashboardMethod.java:24)
at HpaTestCases.DashboardTest.DashTest(DashboardTest.java:27)
at java.base/jdk.internal.reflect.DirectMethodHandleAccessor.invoke(DirectMethodHandleAccessor.java:103)
at java.base/java.lang.reflect.Method.invoke(Method.java:580)
at org.testng.internal.invokers.MethodInvocationHelper.invokeMethod(MethodInvocationHelper.java:141)
at org.testng.internal.invokers.TestInvoker.invokeMethod(TestInvoker.java:686)
at org.testng.internal.invokers.TestInvoker.invokeTestMethod(TestInvoker.java:230)
at org.testng.internal.invokers.MethodRunner.runInSequence(MethodRunner.java:63)
at org.testng.internal.invokers.TestInvoker$MethodInvocationAgent.invoke(TestInvoker.java:992)
at org.testng.internal.invokers.TestInvoker.invokeTestMethods(TestInvoker.java:203)
at org.testng.internal.invokers.TestMethodWorker.invokeTestMethods(TestMethodWorker.java:154)
at org.testng.internal.invokers.TestMethodWorker.run(TestMethodWorker.java:134)
at java.base/java.util.ArrayList.forEach(ArrayList.java:1596)
at org.testng.TestRunner.privateRun(TestRunner.java:739)
at org.testng.TestRunner.run(TestRunner.java:614)
at org.testng.SuiteRunner.runTest(SuiteRunner.java:421)
at org.testng.SuiteRunner.runSequentially(SuiteRunner.java:413)
at org.testng.SuiteRunner.privateRun(SuiteRunner.java:373)
at org.testng.SuiteRunner.run(SuiteRunner.java:312)
at org.testng.SuiteRunnerWorker.runSuite(SuiteRunnerWorker.java:52)
at org.testng.SuiteRunnerWorker.run(SuiteRunnerWorker.java:95)
at org.testng.TestNG.runSuitesSequentially(TestNG.java:1274)
at org.testng.TestNG.runSuitesLocally(TestNG.java:1208)
at org.testng.TestNG.runSuites(TestNG.java:1112)
at org.testng.TestNG.run(TestNG.java:1079)
at org.apache.maven.surefire.testng.TestNGExecutor.run(TestNGExecutor.java:155)
at org.apache.maven.surefire.testng.TestNGDirectoryTestSuite.executeMulti(TestNGDirectoryTestSuite.java:169)
at org.apache.maven.surefire.testng.TestNGDirectoryTestSuite.execute(TestNGDirectoryTestSuite.java:88)
at org.apache.maven.surefire.testng.TestNGProvider.invoke(TestNGProvider.java:137)
at org.apache.maven.surefire.booter.ForkedBooter.runSuitesInProcess(ForkedBooter.java:385)
at org.apache.maven.surefire.booter.ForkedBooter.execute(ForkedBooter.java:162)
at org.apache.maven.surefire.booter.ForkedBooter.run(ForkedBooter.java:507)
at org.apache.maven.surefire.booter.ForkedBooter.main(ForkedBooter.java:495)
Caused by: com.microsoft.playwright.TimeoutError: Error {
  message='Timeout 30000ms exceeded.
  name='TimeoutError
  stack='TimeoutError: Timeout 30000ms exceeded.
    at ProgressController.run (C:\Users\Lenovo\AppData\Local\Temp\playwright-java-86654289099877931\package\lib\server\progress.js:78:26)
    at Frame.click (C:\Users\Lenovo\AppData\Local\Temp\playwright-java-86654289099877931\package\lib\server\frames.js:1007:23)
    at FrameDispatcher.click (C:\Users\Lenovo\AppData\Local\Temp\playwright-java-86654289099877931\package\lib\server\dispatchers\frameDispatcher.js:157:30)
    at FrameDispatcher._handleCommand (C:\Users\Lenovo\AppData\Local\Temp\playwright-java-86654289099877931\package\lib\server\dispatchers\dispatcher.js:94:40)
    at DispatcherConnection.dispatch (C:\Users\Lenovo\AppData\Local\Temp\playwright-java-86654289099877931\package\lib\server\dispatchers\dispatcher.js:361:39)
}
Call log:
- waiting for locator("//button[@title= 'Next week']")

at com.microsoft.playwright.impl.Connection.dispatch(Connection.java:254)
at com.microsoft.playwright.impl.Connection.processOneMessage(Connection.java:211)
at com.microsoft.playwright.impl.ChannelOwner.runUntil(ChannelOwner.java:118)
... 44 more
]]>
            </full-stacktrace>
          </exception> <!-- com.microsoft.playwright.TimeoutError -->
          <reporter-output>
          </reporter-output>
        </test-method> <!-- DashTest -->
      </class> <!-- HpaTestCases.DashboardTest -->
      <class name="HpaTestCases.LoginTest">
        <test-method signature="loginmethodTest()[pri:0, instance:HpaTestCases.LoginTest@32ee6fee]" started-at="2025-08-25T16:16:33 IST" name="loginmethodTest" finished-at="2025-08-25T16:16:37 IST" duration-ms="4206" status="PASS">
          <reporter-output>
          </reporter-output>
        </test-method> <!-- loginmethodTest -->
      </class> <!-- HpaTestCases.LoginTest -->
      <class name="HpaTestCases.ShiftAddTests">
        <test-method signature="NormalShiftTest(java.lang.String,int,int,java.lang.String,java.lang.String,int,int,java.lang.String,java.lang.String,java.lang.String)[pri:1, instance:HpaTestCases.ShiftAddTests@73e22a3d]" started-at="2025-08-25T16:16:39 IST" name="NormalShiftTest" data-provider="shiftData" finished-at="2025-08-25T16:16:55 IST" duration-ms="15637" status="PASS">
          <params>
            <param index="0">
              <value>
                <![CDATA[TC01]]>
              </value>
            </param>
            <param index="1">
              <value>
                <![CDATA[1]]>
              </value>
            </param>
            <param index="2">
              <value>
                <![CDATA[2]]>
              </value>
            </param>
            <param index="3">
              <value>
                <![CDATA[29/09/2025 06:30 AM]]>
              </value>
            </param>
            <param index="4">
              <value>
                <![CDATA[29/09/2025 06:30 PM]]>
              </value>
            </param>
            <param index="5">
              <value>
                <![CDATA[4]]>
              </value>
            </param>
            <param index="6">
              <value>
                <![CDATA[2]]>
              </value>
            </param>
            <param index="7">
              <value>
                <![CDATA[29/09/2025 06:30 PM]]>
              </value>
            </param>
            <param index="8">
              <value>
                <![CDATA[29/09/2025 08:30 PM]]>
              </value>
            </param>
            <param index="9">
              <value>
                <![CDATA[30/09/2025]]>
              </value>
            </param>
          </params>
          <reporter-output>
          </reporter-output>
        </test-method> <!-- NormalShiftTest -->
        <test-method is-config="true" signature="takeScreenshotOnFailure(org.testng.ITestResult)[pri:0, instance:HpaTestCases.ShiftAddTests@73e22a3d]" started-at="2025-08-25T16:16:55 IST" name="takeScreenshotOnFailure" finished-at="2025-08-25T16:16:55 IST" duration-ms="7" status="PASS">
          <params>
            <param index="0">
              <value>
                <![CDATA[[TestResult name=NormalShiftTest status=SUCCESS method=ShiftAddTests.NormalShiftTest(java.lang.String,int,int,java.lang.String,java.lang.String,int,int,java.lang.String,java.lang.String,java.lang.String)[pri:1, instance:HpaTestCases.ShiftAddTests@73e22a3d] output={null}]]]>
              </value>
            </param>
          </params>
          <reporter-output>
          </reporter-output>
        </test-method> <!-- takeScreenshotOnFailure -->
        <test-method signature="NormalShiftTest(java.lang.String,int,int,java.lang.String,java.lang.String,int,int,java.lang.String,java.lang.String,java.lang.String)[pri:1, instance:HpaTestCases.ShiftAddTests@73e22a3d]" started-at="2025-08-25T16:16:55 IST" name="NormalShiftTest" data-provider="shiftData" finished-at="2025-08-25T16:17:09 IST" duration-ms="14904" status="PASS">
          <params>
            <param index="0">
              <value>
                <![CDATA[TC02]]>
              </value>
            </param>
            <param index="1">
              <value>
                <![CDATA[2]]>
              </value>
            </param>
            <param index="2">
              <value>
                <![CDATA[2]]>
              </value>
            </param>
            <param index="3">
              <value>
                <![CDATA[04/10/2025 6:30 am]]>
              </value>
            </param>
            <param index="4">
              <value>
                <![CDATA[04/10/2025 6:30 pm]]>
              </value>
            </param>
            <param index="5">
              <value>
                <![CDATA[5]]>
              </value>
            </param>
            <param index="6">
              <value>
                <![CDATA[2]]>
              </value>
            </param>
            <param index="7">
              <value>
                <![CDATA[04/10/2025 6:30 pm]]>
              </value>
            </param>
            <param index="8">
              <value>
                <![CDATA[04/10/2025 8:30 pm]]>
              </value>
            </param>
            <param index="9">
              <value>
                <![CDATA[05/10/2025]]>
              </value>
            </param>
          </params>
          <reporter-output>
          </reporter-output>
        </test-method> <!-- NormalShiftTest -->
        <test-method is-config="true" signature="takeScreenshotOnFailure(org.testng.ITestResult)[pri:0, instance:HpaTestCases.ShiftAddTests@73e22a3d]" started-at="2025-08-25T16:17:09 IST" name="takeScreenshotOnFailure" finished-at="2025-08-25T16:17:09 IST" duration-ms="2" status="PASS">
          <params>
            <param index="0">
              <value>
                <![CDATA[[TestResult name=NormalShiftTest status=SUCCESS method=ShiftAddTests.NormalShiftTest(java.lang.String,int,int,java.lang.String,java.lang.String,int,int,java.lang.String,java.lang.String,java.lang.String)[pri:1, instance:HpaTestCases.ShiftAddTests@73e22a3d] output={null}]]]>
              </value>
            </param>
          </params>
          <reporter-output>
          </reporter-output>
        </test-method> <!-- takeScreenshotOnFailure -->
        <test-method signature="NormalTrasnportTest(java.lang.String,int,int,java.lang.String,java.lang.String,int,int,java.lang.String,java.lang.String,java.lang.String)[pri:2, instance:HpaTestCases.ShiftAddTests@73e22a3d]" started-at="2025-08-25T16:17:10 IST" name="NormalTrasnportTest" data-provider="shiftData" finished-at="2025-08-25T16:17:30 IST" duration-ms="20458" status="PASS">
          <params>
            <param index="0">
              <value>
                <![CDATA[TC01]]>
              </value>
            </param>
            <param index="1">
              <value>
                <![CDATA[1]]>
              </value>
            </param>
            <param index="2">
              <value>
                <![CDATA[2]]>
              </value>
            </param>
            <param index="3">
              <value>
                <![CDATA[29/09/2025 06:30 AM]]>
              </value>
            </param>
            <param index="4">
              <value>
                <![CDATA[29/09/2025 06:30 PM]]>
              </value>
            </param>
            <param index="5">
              <value>
                <![CDATA[4]]>
              </value>
            </param>
            <param index="6">
              <value>
                <![CDATA[2]]>
              </value>
            </param>
            <param index="7">
              <value>
                <![CDATA[29/09/2025 06:30 PM]]>
              </value>
            </param>
            <param index="8">
              <value>
                <![CDATA[29/09/2025 08:30 PM]]>
              </value>
            </param>
            <param index="9">
              <value>
                <![CDATA[30/09/2025]]>
              </value>
            </param>
          </params>
          <reporter-output>
          </reporter-output>
        </test-method> <!-- NormalTrasnportTest -->
        <test-method is-config="true" signature="takeScreenshotOnFailure(org.testng.ITestResult)[pri:0, instance:HpaTestCases.ShiftAddTests@73e22a3d]" started-at="2025-08-25T16:17:30 IST" name="takeScreenshotOnFailure" finished-at="2025-08-25T16:17:30 IST" duration-ms="1" status="PASS">
          <params>
            <param index="0">
              <value>
                <![CDATA[[TestResult name=NormalTrasnportTest status=SUCCESS method=ShiftAddTests.NormalTrasnportTest(java.lang.String,int,int,java.lang.String,java.lang.String,int,int,java.lang.String,java.lang.String,java.lang.String)[pri:2, instance:HpaTestCases.ShiftAddTests@73e22a3d] output={null}]]]>
              </value>
            </param>
          </params>
          <reporter-output>
          </reporter-output>
        </test-method> <!-- takeScreenshotOnFailure -->
        <test-method signature="NormalTrasnportTest(java.lang.String,int,int,java.lang.String,java.lang.String,int,int,java.lang.String,java.lang.String,java.lang.String)[pri:2, instance:HpaTestCases.ShiftAddTests@73e22a3d]" started-at="2025-08-25T16:17:30 IST" name="NormalTrasnportTest" data-provider="shiftData" finished-at="2025-08-25T16:17:51 IST" duration-ms="20544" status="PASS">
          <params>
            <param index="0">
              <value>
                <![CDATA[TC02]]>
              </value>
            </param>
            <param index="1">
              <value>
                <![CDATA[2]]>
              </value>
            </param>
            <param index="2">
              <value>
                <![CDATA[2]]>
              </value>
            </param>
            <param index="3">
              <value>
                <![CDATA[04/10/2025 6:30 am]]>
              </value>
            </param>
            <param index="4">
              <value>
                <![CDATA[04/10/2025 6:30 pm]]>
              </value>
            </param>
            <param index="5">
              <value>
                <![CDATA[5]]>
              </value>
            </param>
            <param index="6">
              <value>
                <![CDATA[2]]>
              </value>
            </param>
            <param index="7">
              <value>
                <![CDATA[04/10/2025 6:30 pm]]>
              </value>
            </param>
            <param index="8">
              <value>
                <![CDATA[04/10/2025 8:30 pm]]>
              </value>
            </param>
            <param index="9">
              <value>
                <![CDATA[05/10/2025]]>
              </value>
            </param>
          </params>
          <reporter-output>
          </reporter-output>
        </test-method> <!-- NormalTrasnportTest -->
        <test-method is-config="true" signature="takeScreenshotOnFailure(org.testng.ITestResult)[pri:0, instance:HpaTestCases.ShiftAddTests@73e22a3d]" started-at="2025-08-25T16:17:51 IST" name="takeScreenshotOnFailure" finished-at="2025-08-25T16:17:51 IST" duration-ms="1" status="PASS">
          <params>
            <param index="0">
              <value>
                <![CDATA[[TestResult name=NormalTrasnportTest status=SUCCESS method=ShiftAddTests.NormalTrasnportTest(java.lang.String,int,int,java.lang.String,java.lang.String,int,int,java.lang.String,java.lang.String,java.lang.String)[pri:2, instance:HpaTestCases.ShiftAddTests@73e22a3d] output={null}]]]>
              </value>
            </param>
          </params>
          <reporter-output>
          </reporter-output>
        </test-method> <!-- takeScreenshotOnFailure -->
        <test-method signature="SplitShiftTest(java.lang.String,int,int,java.lang.String,java.lang.String,int,int,java.lang.String,java.lang.String,java.lang.String)[pri:3, instance:HpaTestCases.ShiftAddTests@73e22a3d]" started-at="2025-08-25T16:17:51 IST" name="SplitShiftTest" data-provider="shiftData" finished-at="2025-08-25T16:18:09 IST" duration-ms="18310" status="PASS">
          <params>
            <param index="0">
              <value>
                <![CDATA[TC01]]>
              </value>
            </param>
            <param index="1">
              <value>
                <![CDATA[1]]>
              </value>
            </param>
            <param index="2">
              <value>
                <![CDATA[2]]>
              </value>
            </param>
            <param index="3">
              <value>
                <![CDATA[29/09/2025 06:30 AM]]>
              </value>
            </param>
            <param index="4">
              <value>
                <![CDATA[29/09/2025 06:30 PM]]>
              </value>
            </param>
            <param index="5">
              <value>
                <![CDATA[4]]>
              </value>
            </param>
            <param index="6">
              <value>
                <![CDATA[2]]>
              </value>
            </param>
            <param index="7">
              <value>
                <![CDATA[29/09/2025 06:30 PM]]>
              </value>
            </param>
            <param index="8">
              <value>
                <![CDATA[29/09/2025 08:30 PM]]>
              </value>
            </param>
            <param index="9">
              <value>
                <![CDATA[30/09/2025]]>
              </value>
            </param>
          </params>
          <reporter-output>
          </reporter-output>
        </test-method> <!-- SplitShiftTest -->
        <test-method is-config="true" signature="takeScreenshotOnFailure(org.testng.ITestResult)[pri:0, instance:HpaTestCases.ShiftAddTests@73e22a3d]" started-at="2025-08-25T16:18:09 IST" name="takeScreenshotOnFailure" finished-at="2025-08-25T16:18:09 IST" duration-ms="0" status="PASS">
          <params>
            <param index="0">
              <value>
                <![CDATA[[TestResult name=SplitShiftTest status=SUCCESS method=ShiftAddTests.SplitShiftTest(java.lang.String,int,int,java.lang.String,java.lang.String,int,int,java.lang.String,java.lang.String,java.lang.String)[pri:3, instance:HpaTestCases.ShiftAddTests@73e22a3d] output={null}]]]>
              </value>
            </param>
          </params>
          <reporter-output>
          </reporter-output>
        </test-method> <!-- takeScreenshotOnFailure -->
        <test-method signature="SplitShiftTest(java.lang.String,int,int,java.lang.String,java.lang.String,int,int,java.lang.String,java.lang.String,java.lang.String)[pri:3, instance:HpaTestCases.ShiftAddTests@73e22a3d]" started-at="2025-08-25T16:18:09 IST" name="SplitShiftTest" data-provider="shiftData" finished-at="2025-08-25T16:18:29 IST" duration-ms="19563" status="PASS">
          <params>
            <param index="0">
              <value>
                <![CDATA[TC02]]>
              </value>
            </param>
            <param index="1">
              <value>
                <![CDATA[2]]>
              </value>
            </param>
            <param index="2">
              <value>
                <![CDATA[2]]>
              </value>
            </param>
            <param index="3">
              <value>
                <![CDATA[04/10/2025 6:30 am]]>
              </value>
            </param>
            <param index="4">
              <value>
                <![CDATA[04/10/2025 6:30 pm]]>
              </value>
            </param>
            <param index="5">
              <value>
                <![CDATA[5]]>
              </value>
            </param>
            <param index="6">
              <value>
                <![CDATA[2]]>
              </value>
            </param>
            <param index="7">
              <value>
                <![CDATA[04/10/2025 6:30 pm]]>
              </value>
            </param>
            <param index="8">
              <value>
                <![CDATA[04/10/2025 8:30 pm]]>
              </value>
            </param>
            <param index="9">
              <value>
                <![CDATA[05/10/2025]]>
              </value>
            </param>
          </params>
          <reporter-output>
          </reporter-output>
        </test-method> <!-- SplitShiftTest -->
        <test-method is-config="true" signature="takeScreenshotOnFailure(org.testng.ITestResult)[pri:0, instance:HpaTestCases.ShiftAddTests@73e22a3d]" started-at="2025-08-25T16:18:29 IST" name="takeScreenshotOnFailure" finished-at="2025-08-25T16:18:29 IST" duration-ms="1" status="PASS">
          <params>
            <param index="0">
              <value>
                <![CDATA[[TestResult name=SplitShiftTest status=SUCCESS method=ShiftAddTests.SplitShiftTest(java.lang.String,int,int,java.lang.String,java.lang.String,int,int,java.lang.String,java.lang.String,java.lang.String)[pri:3, instance:HpaTestCases.ShiftAddTests@73e22a3d] output={null}]]]>
              </value>
            </param>
          </params>
          <reporter-output>
          </reporter-output>
        </test-method> <!-- takeScreenshotOnFailure -->
        <test-method signature="RepeatTest(java.lang.String,int,int,java.lang.String,java.lang.String,int,int,java.lang.String,java.lang.String,java.lang.String)[pri:4, instance:HpaTestCases.ShiftAddTests@73e22a3d]" started-at="2025-08-25T16:18:29 IST" name="RepeatTest" data-provider="shiftData" finished-at="2025-08-25T16:18:50 IST" duration-ms="20464" status="PASS">
          <params>
            <param index="0">
              <value>
                <![CDATA[TC01]]>
              </value>
            </param>
            <param index="1">
              <value>
                <![CDATA[1]]>
              </value>
            </param>
            <param index="2">
              <value>
                <![CDATA[2]]>
              </value>
            </param>
            <param index="3">
              <value>
                <![CDATA[29/09/2025 06:30 AM]]>
              </value>
            </param>
            <param index="4">
              <value>
                <![CDATA[29/09/2025 06:30 PM]]>
              </value>
            </param>
            <param index="5">
              <value>
                <![CDATA[4]]>
              </value>
            </param>
            <param index="6">
              <value>
                <![CDATA[2]]>
              </value>
            </param>
            <param index="7">
              <value>
                <![CDATA[29/09/2025 06:30 PM]]>
              </value>
            </param>
            <param index="8">
              <value>
                <![CDATA[29/09/2025 08:30 PM]]>
              </value>
            </param>
            <param index="9">
              <value>
                <![CDATA[30/09/2025]]>
              </value>
            </param>
          </params>
          <reporter-output>
          </reporter-output>
        </test-method> <!-- RepeatTest -->
        <test-method is-config="true" signature="takeScreenshotOnFailure(org.testng.ITestResult)[pri:0, instance:HpaTestCases.ShiftAddTests@73e22a3d]" started-at="2025-08-25T16:18:50 IST" name="takeScreenshotOnFailure" finished-at="2025-08-25T16:18:50 IST" duration-ms="1" status="PASS">
          <params>
            <param index="0">
              <value>
                <![CDATA[[TestResult name=RepeatTest status=SUCCESS method=ShiftAddTests.RepeatTest(java.lang.String,int,int,java.lang.String,java.lang.String,int,int,java.lang.String,java.lang.String,java.lang.String)[pri:4, instance:HpaTestCases.ShiftAddTests@73e22a3d] output={null}]]]>
              </value>
            </param>
          </params>
          <reporter-output>
          </reporter-output>
        </test-method> <!-- takeScreenshotOnFailure -->
        <test-method signature="RepeatTest(java.lang.String,int,int,java.lang.String,java.lang.String,int,int,java.lang.String,java.lang.String,java.lang.String)[pri:4, instance:HpaTestCases.ShiftAddTests@73e22a3d]" started-at="2025-08-25T16:18:50 IST" name="RepeatTest" data-provider="shiftData" finished-at="2025-08-25T16:19:11 IST" duration-ms="21329" status="PASS">
          <params>
            <param index="0">
              <value>
                <![CDATA[TC02]]>
              </value>
            </param>
            <param index="1">
              <value>
                <![CDATA[2]]>
              </value>
            </param>
            <param index="2">
              <value>
                <![CDATA[2]]>
              </value>
            </param>
            <param index="3">
              <value>
                <![CDATA[04/10/2025 6:30 am]]>
              </value>
            </param>
            <param index="4">
              <value>
                <![CDATA[04/10/2025 6:30 pm]]>
              </value>
            </param>
            <param index="5">
              <value>
                <![CDATA[5]]>
              </value>
            </param>
            <param index="6">
              <value>
                <![CDATA[2]]>
              </value>
            </param>
            <param index="7">
              <value>
                <![CDATA[04/10/2025 6:30 pm]]>
              </value>
            </param>
            <param index="8">
              <value>
                <![CDATA[04/10/2025 8:30 pm]]>
              </value>
            </param>
            <param index="9">
              <value>
                <![CDATA[05/10/2025]]>
              </value>
            </param>
          </params>
          <reporter-output>
          </reporter-output>
        </test-method> <!-- RepeatTest -->
        <test-method is-config="true" signature="takeScreenshotOnFailure(org.testng.ITestResult)[pri:0, instance:HpaTestCases.ShiftAddTests@73e22a3d]" started-at="2025-08-25T16:19:11 IST" name="takeScreenshotOnFailure" finished-at="2025-08-25T16:19:11 IST" duration-ms="1" status="PASS">
          <params>
            <param index="0">
              <value>
                <![CDATA[[TestResult name=RepeatTest status=SUCCESS method=ShiftAddTests.RepeatTest(java.lang.String,int,int,java.lang.String,java.lang.String,int,int,java.lang.String,java.lang.String,java.lang.String)[pri:4, instance:HpaTestCases.ShiftAddTests@73e22a3d] output={null}]]]>
              </value>
            </param>
          </params>
          <reporter-output>
          </reporter-output>
        </test-method> <!-- takeScreenshotOnFailure -->
        <test-method signature="RepeattrasnportTest(java.lang.String,int,int,java.lang.String,java.lang.String,int,int,java.lang.String,java.lang.String,java.lang.String)[pri:5, instance:HpaTestCases.ShiftAddTests@73e22a3d]" started-at="2025-08-25T16:19:11 IST" name="RepeattrasnportTest" data-provider="shiftData" finished-at="2025-08-25T16:19:36 IST" duration-ms="24642" status="PASS">
          <params>
            <param index="0">
              <value>
                <![CDATA[TC01]]>
              </value>
            </param>
            <param index="1">
              <value>
                <![CDATA[1]]>
              </value>
            </param>
            <param index="2">
              <value>
                <![CDATA[2]]>
              </value>
            </param>
            <param index="3">
              <value>
                <![CDATA[29/09/2025 06:30 AM]]>
              </value>
            </param>
            <param index="4">
              <value>
                <![CDATA[29/09/2025 06:30 PM]]>
              </value>
            </param>
            <param index="5">
              <value>
                <![CDATA[4]]>
              </value>
            </param>
            <param index="6">
              <value>
                <![CDATA[2]]>
              </value>
            </param>
            <param index="7">
              <value>
                <![CDATA[29/09/2025 06:30 PM]]>
              </value>
            </param>
            <param index="8">
              <value>
                <![CDATA[29/09/2025 08:30 PM]]>
              </value>
            </param>
            <param index="9">
              <value>
                <![CDATA[30/09/2025]]>
              </value>
            </param>
          </params>
          <reporter-output>
          </reporter-output>
        </test-method> <!-- RepeattrasnportTest -->
        <test-method is-config="true" signature="takeScreenshotOnFailure(org.testng.ITestResult)[pri:0, instance:HpaTestCases.ShiftAddTests@73e22a3d]" started-at="2025-08-25T16:19:36 IST" name="takeScreenshotOnFailure" finished-at="2025-08-25T16:19:36 IST" duration-ms="1" status="PASS">
          <params>
            <param index="0">
              <value>
                <![CDATA[[TestResult name=RepeattrasnportTest status=SUCCESS method=ShiftAddTests.RepeattrasnportTest(java.lang.String,int,int,java.lang.String,java.lang.String,int,int,java.lang.String,java.lang.String,java.lang.String)[pri:5, instance:HpaTestCases.ShiftAddTests@73e22a3d] output={null}]]]>
              </value>
            </param>
          </params>
          <reporter-output>
          </reporter-output>
        </test-method> <!-- takeScreenshotOnFailure -->
        <test-method signature="RepeattrasnportTest(java.lang.String,int,int,java.lang.String,java.lang.String,int,int,java.lang.String,java.lang.String,java.lang.String)[pri:5, instance:HpaTestCases.ShiftAddTests@73e22a3d]" started-at="2025-08-25T16:19:36 IST" name="RepeattrasnportTest" data-provider="shiftData" finished-at="2025-08-25T16:20:00 IST" duration-ms="24289" status="PASS">
          <params>
            <param index="0">
              <value>
                <![CDATA[TC02]]>
              </value>
            </param>
            <param index="1">
              <value>
                <![CDATA[2]]>
              </value>
            </param>
            <param index="2">
              <value>
                <![CDATA[2]]>
              </value>
            </param>
            <param index="3">
              <value>
                <![CDATA[04/10/2025 6:30 am]]>
              </value>
            </param>
            <param index="4">
              <value>
                <![CDATA[04/10/2025 6:30 pm]]>
              </value>
            </param>
            <param index="5">
              <value>
                <![CDATA[5]]>
              </value>
            </param>
            <param index="6">
              <value>
                <![CDATA[2]]>
              </value>
            </param>
            <param index="7">
              <value>
                <![CDATA[04/10/2025 6:30 pm]]>
              </value>
            </param>
            <param index="8">
              <value>
                <![CDATA[04/10/2025 8:30 pm]]>
              </value>
            </param>
            <param index="9">
              <value>
                <![CDATA[05/10/2025]]>
              </value>
            </param>
          </params>
          <reporter-output>
          </reporter-output>
        </test-method> <!-- RepeattrasnportTest -->
        <test-method is-config="true" signature="takeScreenshotOnFailure(org.testng.ITestResult)[pri:0, instance:HpaTestCases.ShiftAddTests@73e22a3d]" started-at="2025-08-25T16:20:00 IST" name="takeScreenshotOnFailure" finished-at="2025-08-25T16:20:00 IST" duration-ms="1" status="PASS">
          <params>
            <param index="0">
              <value>
                <![CDATA[[TestResult name=RepeattrasnportTest status=SUCCESS method=ShiftAddTests.RepeattrasnportTest(java.lang.String,int,int,java.lang.String,java.lang.String,int,int,java.lang.String,java.lang.String,java.lang.String)[pri:5, instance:HpaTestCases.ShiftAddTests@73e22a3d] output={null}]]]>
              </value>
            </param>
          </params>
          <reporter-output>
          </reporter-output>
        </test-method> <!-- takeScreenshotOnFailure -->
      </class> <!-- HpaTestCases.ShiftAddTests -->
      <class name="HpaTestCases.AppOpenTest">
        <test-method signature="appcall()[pri:0, instance:HpaTestCases.AppOpenTest@25084a1e]" started-at="2025-08-25T16:15:47 IST" name="appcall" finished-at="2025-08-25T16:16:02 IST" duration-ms="14484" status="PASS">
          <reporter-output>
          </reporter-output>
        </test-method> <!-- appcall -->
      </class> <!-- HpaTestCases.AppOpenTest -->
    </test> <!-- Surefire test -->
  </suite> <!-- Surefire suite -->
</testng-results>
