<?xml version="1.0" encoding="UTF-8"?>
<testsuite xmlns:xsi="http://www.w3.org/2001/XMLSchema-instance" xsi:noNamespaceSchemaLocation="https://maven.apache.org/surefire/maven-surefire-plugin/xsd/surefire-test-report-3.0.xsd" version="3.0" name="TestSuite" time="253.99" tests="13" errors="0" skipped="0" failures="1">
  <properties>
[...]
</properties>
  <testcase name="appcall" classname="HpaTestCases.AppOpenTest" time="14.634">
    <system-err><![CDATA[SLF4J: Failed to load class "org.slf4j.impl.StaticLoggerBinder".
SLF4J: Defaulting to no-operation (NOP) logger implementation
SLF4J: See http://www.slf4j.org/codes.html#StaticLoggerBinder for further details.
]]></system-err>
  </testcase>
  <testcase name="DashTest" classname="HpaTestCases.DashboardTest" time="31.062">
    <failure message="Error {&#10;  message=&apos;Timeout 30000ms exceeded.&#10;  name=&apos;TimeoutError&#10;  stack=&apos;TimeoutError: Timeout 30000ms exceeded.&#10;    at ProgressController.run (C:\Users\Lenovo\AppData\Local\Temp\playwright-java-86654289099877931\package\lib\server\progress.js:78:26)&#10;    at Frame.click (C:\Users\Lenovo\AppData\Local\Temp\playwright-java-86654289099877931\package\lib\server\frames.js:1007:23)&#10;    at FrameDispatcher.click (C:\Users\Lenovo\AppData\Local\Temp\playwright-java-86654289099877931\package\lib\server\dispatchers\frameDispatcher.js:157:30)&#10;    at FrameDispatcher._handleCommand (C:\Users\Lenovo\AppData\Local\Temp\playwright-java-86654289099877931\package\lib\server\dispatchers\dispatcher.js:94:40)&#10;    at DispatcherConnection.dispatch (C:\Users\Lenovo\AppData\Local\Temp\playwright-java-86654289099877931\package\lib\server\dispatchers\dispatcher.js:361:39)&#10;}&#10;Call log:&#10;- waiting for locator(&quot;//button[@title= &apos;Next week&apos;]&quot;)&#10;" type="com.microsoft.playwright.TimeoutError"><![CDATA[com.microsoft.playwright.TimeoutError: 
Error {
  message='Timeout 30000ms exceeded.
  name='TimeoutError
  stack='TimeoutError: Timeout 30000ms exceeded.
    at ProgressController.run (C:\Users\Lenovo\AppData\Local\Temp\playwright-java-86654289099877931\package\lib\server\progress.js:78:26)
    at Frame.click (C:\Users\Lenovo\AppData\Local\Temp\playwright-java-86654289099877931\package\lib\server\frames.js:1007:23)
    at FrameDispatcher.click (C:\Users\Lenovo\AppData\Local\Temp\playwright-java-86654289099877931\package\lib\server\dispatchers\frameDispatcher.js:157:30)
    at FrameDispatcher._handleCommand (C:\Users\Lenovo\AppData\Local\Temp\playwright-java-86654289099877931\package\lib\server\dispatchers\dispatcher.js:94:40)
    at DispatcherConnection.dispatch (C:\Users\Lenovo\AppData\Local\Temp\playwright-java-86654289099877931\package\lib\server\dispatchers\dispatcher.js:361:39)
}
Call log:
- waiting for locator("//button[@title= 'Next week']")

	at com.microsoft.playwright.impl.WaitableResult.get(WaitableResult.java:52)
	at com.microsoft.playwright.impl.ChannelOwner.runUntil(ChannelOwner.java:120)
	at com.microsoft.playwright.impl.Connection.sendMessage(Connection.java:130)
	at com.microsoft.playwright.impl.ChannelOwner.sendMessage(ChannelOwner.java:106)
	at com.microsoft.playwright.impl.FrameImpl.clickImpl(FrameImpl.java:252)
	at com.microsoft.playwright.impl.FrameImpl.lambda$click$8(FrameImpl.java:243)
	at com.microsoft.playwright.impl.LoggingSupport.lambda$withLogging$0(LoggingSupport.java:36)
	at com.microsoft.playwright.impl.LoggingSupport.withLogging(LoggingSupport.java:47)
	at com.microsoft.playwright.impl.ChannelOwner.withLogging(ChannelOwner.java:89)
	at com.microsoft.playwright.impl.LoggingSupport.withLogging(LoggingSupport.java:35)
	at com.microsoft.playwright.impl.FrameImpl.click(FrameImpl.java:243)
	at com.microsoft.playwright.impl.LocatorImpl.click(LocatorImpl.java:160)
	at com.microsoft.playwright.Locator.click(Locator.java:2406)
	at HpaPlusMethods.DashboardMethod.dashboardNav(DashboardMethod.java:24)
	at HpaTestCases.DashboardTest.DashTest(DashboardTest.java:27)
	at java.base/jdk.internal.reflect.DirectMethodHandleAccessor.invoke(DirectMethodHandleAccessor.java:103)
	at java.base/java.lang.reflect.Method.invoke(Method.java:580)
	at org.testng.internal.invokers.MethodInvocationHelper.invokeMethod(MethodInvocationHelper.java:141)
	at org.testng.internal.invokers.TestInvoker.invokeMethod(TestInvoker.java:686)
	at org.testng.internal.invokers.TestInvoker.invokeTestMethod(TestInvoker.java:230)
	at org.testng.internal.invokers.MethodRunner.runInSequence(MethodRunner.java:63)
	at org.testng.internal.invokers.TestInvoker$MethodInvocationAgent.invoke(TestInvoker.java:992)
	at org.testng.internal.invokers.TestInvoker.invokeTestMethods(TestInvoker.java:203)
	at org.testng.internal.invokers.TestMethodWorker.invokeTestMethods(TestMethodWorker.java:154)
	at org.testng.internal.invokers.TestMethodWorker.run(TestMethodWorker.java:134)
	at java.base/java.util.ArrayList.forEach(ArrayList.java:1596)
	at org.testng.TestRunner.privateRun(TestRunner.java:739)
	at org.testng.TestRunner.run(TestRunner.java:614)
	at org.testng.SuiteRunner.runTest(SuiteRunner.java:421)
	at org.testng.SuiteRunner.runSequentially(SuiteRunner.java:413)
	at org.testng.SuiteRunner.privateRun(SuiteRunner.java:373)
	at org.testng.SuiteRunner.run(SuiteRunner.java:312)
	at org.testng.SuiteRunnerWorker.runSuite(SuiteRunnerWorker.java:52)
	at org.testng.SuiteRunnerWorker.run(SuiteRunnerWorker.java:95)
	at org.testng.TestNG.runSuitesSequentially(TestNG.java:1274)
	at org.testng.TestNG.runSuitesLocally(TestNG.java:1208)
	at org.testng.TestNG.runSuites(TestNG.java:1112)
	at org.testng.TestNG.run(TestNG.java:1079)
	at org.apache.maven.surefire.testng.TestNGExecutor.run(TestNGExecutor.java:155)
	at org.apache.maven.surefire.testng.TestNGDirectoryTestSuite.executeMulti(TestNGDirectoryTestSuite.java:169)
	at org.apache.maven.surefire.testng.TestNGDirectoryTestSuite.execute(TestNGDirectoryTestSuite.java:88)
	at org.apache.maven.surefire.testng.TestNGProvider.invoke(TestNGProvider.java:137)
	at org.apache.maven.surefire.booter.ForkedBooter.runSuitesInProcess(ForkedBooter.java:385)
	at org.apache.maven.surefire.booter.ForkedBooter.execute(ForkedBooter.java:162)
	at org.apache.maven.surefire.booter.ForkedBooter.run(ForkedBooter.java:507)
	at org.apache.maven.surefire.booter.ForkedBooter.main(ForkedBooter.java:495)
Caused by: com.microsoft.playwright.TimeoutError: Error {
  message='Timeout 30000ms exceeded.
  name='TimeoutError
  stack='TimeoutError: Timeout 30000ms exceeded.
    at ProgressController.run (C:\Users\Lenovo\AppData\Local\Temp\playwright-java-86654289099877931\package\lib\server\progress.js:78:26)
    at Frame.click (C:\Users\Lenovo\AppData\Local\Temp\playwright-java-86654289099877931\package\lib\server\frames.js:1007:23)
    at FrameDispatcher.click (C:\Users\Lenovo\AppData\Local\Temp\playwright-java-86654289099877931\package\lib\server\dispatchers\frameDispatcher.js:157:30)
    at FrameDispatcher._handleCommand (C:\Users\Lenovo\AppData\Local\Temp\playwright-java-86654289099877931\package\lib\server\dispatchers\dispatcher.js:94:40)
    at DispatcherConnection.dispatch (C:\Users\Lenovo\AppData\Local\Temp\playwright-java-86654289099877931\package\lib\server\dispatchers\dispatcher.js:361:39)
}
Call log:
- waiting for locator("//button[@title= 'Next week']")

	at com.microsoft.playwright.impl.Connection.dispatch(Connection.java:254)
	at com.microsoft.playwright.impl.Connection.processOneMessage(Connection.java:211)
	at com.microsoft.playwright.impl.ChannelOwner.runUntil(ChannelOwner.java:118)
	... 44 more
]]></failure>
  </testcase>
  <testcase name="loginmethodTest" classname="HpaTestCases.LoginTest" time="4.215"/>
  <testcase name="NormalShiftTest[TC01, 1, 2, 29/09/2025 06:30 AM, 29/09/2025 06:30 PM, 4, 2, 29/09/2025 06:30 PM, 29/09/2025 08:30 PM, 30/09/2025](1)" classname="HpaTestCases.ShiftAddTests" time="15.642">
    <system-out><![CDATA[ 1. Normal Shift PASSED for the test case ID: TC01
]]></system-out>
    <system-err><![CDATA[ERROR StatusLogger Log4j2 could not find a logging implementation. Please add log4j-core to the classpath. Using SimpleLogger to log to the console...
]]></system-err>
  </testcase>
  <testcase name="NormalShiftTest[TC02, 2, 2, 04/10/2025 6:30 am, 04/10/2025 6:30 pm, 5, 2, 04/10/2025 6:30 pm, 04/10/2025 8:30 pm, 05/10/2025](2)" classname="HpaTestCases.ShiftAddTests" time="14.907">
    <system-out><![CDATA[ 1. Normal Shift PASSED for the test case ID: TC02
]]></system-out>
  </testcase>
  <testcase name="NormalTrasnportTest[TC01, 1, 2, 29/09/2025 06:30 AM, 29/09/2025 06:30 PM, 4, 2, 29/09/2025 06:30 PM, 29/09/2025 08:30 PM, 30/09/2025](1)" classname="HpaTestCases.ShiftAddTests" time="20.461">
    <system-out><![CDATA[ 2. Normal Shift with transport PASSED for the test case ID: TC01
]]></system-out>
  </testcase>
  <testcase name="NormalTrasnportTest[TC02, 2, 2, 04/10/2025 6:30 am, 04/10/2025 6:30 pm, 5, 2, 04/10/2025 6:30 pm, 04/10/2025 8:30 pm, 05/10/2025](2)" classname="HpaTestCases.ShiftAddTests" time="20.547">
    <system-out><![CDATA[ 2. Normal Shift with transport PASSED for the test case ID: TC02
]]></system-out>
  </testcase>
  <testcase name="SplitShiftTest[TC01, 1, 2, 29/09/2025 06:30 AM, 29/09/2025 06:30 PM, 4, 2, 29/09/2025 06:30 PM, 29/09/2025 08:30 PM, 30/09/2025](1)" classname="HpaTestCases.ShiftAddTests" time="18.313">
    <system-out><![CDATA[ 3. Normal Shift with Split Shift PASSED for the test case ID: TC01
]]></system-out>
  </testcase>
  <testcase name="SplitShiftTest[TC02, 2, 2, 04/10/2025 6:30 am, 04/10/2025 6:30 pm, 5, 2, 04/10/2025 6:30 pm, 04/10/2025 8:30 pm, 05/10/2025](2)" classname="HpaTestCases.ShiftAddTests" time="19.565">
    <system-out><![CDATA[ 3. Normal Shift with Split Shift FAILED for the test case ID: TC02
]]></system-out>
  </testcase>
  <testcase name="RepeatTest[TC01, 1, 2, 29/09/2025 06:30 AM, 29/09/2025 06:30 PM, 4, 2, 29/09/2025 06:30 PM, 29/09/2025 08:30 PM, 30/09/2025](1)" classname="HpaTestCases.ShiftAddTests" time="20.468">
    <system-out><![CDATA[ 4. Normal Shift with repeat PASSED for the test case ID: TC01
]]></system-out>
  </testcase>
  <testcase name="RepeatTest[TC02, 2, 2, 04/10/2025 6:30 am, 04/10/2025 6:30 pm, 5, 2, 04/10/2025 6:30 pm, 04/10/2025 8:30 pm, 05/10/2025](2)" classname="HpaTestCases.ShiftAddTests" time="21.33">
    <system-out><![CDATA[ 4. Normal Shift with repeat FAILED for the test case ID: TC02
]]></system-out>
  </testcase>
  <testcase name="RepeattrasnportTest[TC01, 1, 2, 29/09/2025 06:30 AM, 29/09/2025 06:30 PM, 4, 2, 29/09/2025 06:30 PM, 29/09/2025 08:30 PM, 30/09/2025](1)" classname="HpaTestCases.ShiftAddTests" time="24.644">
    <system-out><![CDATA[ 5. Normal Shift with repeat and transport included PASSED for the test case ID: TC01
]]></system-out>
  </testcase>
  <testcase name="RepeattrasnportTest[TC02, 2, 2, 04/10/2025 6:30 am, 04/10/2025 6:30 pm, 5, 2, 04/10/2025 6:30 pm, 04/10/2025 8:30 pm, 05/10/2025](2)" classname="HpaTestCases.ShiftAddTests" time="24.29">
    <system-out><![CDATA[ 5. Normal Shift with repeat and transport included PASSED for the test case ID: TC02
]]></system-out>
  </testcase>
</testsuite>