<?xml version="1.0" encoding="UTF-8"?>
<!-- Generated by org.testng.reporters.JUnitReportReporter -->
<testsuite hostname="DESKTOP-24PLHBT" failures="0" tests="10" name="HpaTestCases.ShiftAddTests" time="6.522" errors="10" timestamp="2025-08-25T12:57:11 IST" skipped="0">
  <testcase classname="HpaTestCases.ShiftAddTests" name="NormalShiftTest" time="6.461">
    <error message="Error {
  message=&#039;Target page, context or browser has been closed
  name=&#039;TargetClosedError
  stack=&#039;TargetClosedError: Target page, context or browser has been closed
    at DispatcherConnection.dispatch (C:\Users\Lenovo\AppData\Local\Temp\playwright-java-15944170154312779295\package\lib\server\dispatchers\dispatcher.js:273:44)
    at transport.onmessage (C:\Users\Lenovo\AppData\Local\Temp\playwright-java-15944170154312779295\package\lib\cli\driver.js:52:57)
    at Immediate._onImmediate (C:\Users\Lenovo\AppData\Local\Temp\playwright-java-15944170154312779295\package\lib\protocol\transport.js:77:34)
    at process.processImmediate (node:internal/timers:483:21)
}" type="com.microsoft.playwright.impl.TargetClosedError">
      <![CDATA[com.microsoft.playwright.impl.TargetClosedError: Error {
  message='Target page, context or browser has been closed
  name='TargetClosedError
  stack='TargetClosedError: Target page, context or browser has been closed
    at DispatcherConnection.dispatch (C:\Users\Lenovo\AppData\Local\Temp\playwright-java-15944170154312779295\package\lib\server\dispatchers\dispatcher.js:273:44)
    at transport.onmessage (C:\Users\Lenovo\AppData\Local\Temp\playwright-java-15944170154312779295\package\lib\cli\driver.js:52:57)
    at Immediate._onImmediate (C:\Users\Lenovo\AppData\Local\Temp\playwright-java-15944170154312779295\package\lib\protocol\transport.js:77:34)
    at process.processImmediate (node:internal/timers:483:21)
}
at com.microsoft.playwright.impl.WaitableResult.get(WaitableResult.java:54)
at com.microsoft.playwright.impl.ChannelOwner.runUntil(ChannelOwner.java:120)
at com.microsoft.playwright.impl.Connection.sendMessage(Connection.java:130)
at com.microsoft.playwright.impl.ChannelOwner.sendMessage(ChannelOwner.java:106)
at com.microsoft.playwright.impl.FrameImpl.selectOption(FrameImpl.java:722)
at com.microsoft.playwright.impl.FrameImpl.selectOptionImpl(FrameImpl.java:689)
at com.microsoft.playwright.impl.FrameImpl.lambda$selectOption$31(FrameImpl.java:677)
at com.microsoft.playwright.impl.LoggingSupport.withLogging(LoggingSupport.java:47)
at com.microsoft.playwright.impl.ChannelOwner.withLogging(ChannelOwner.java:89)
at com.microsoft.playwright.impl.FrameImpl.selectOption(FrameImpl.java:677)
at com.microsoft.playwright.impl.FrameImpl.selectOption(FrameImpl.java:119)
at com.microsoft.playwright.impl.LocatorImpl.selectOption(LocatorImpl.java:511)
at com.microsoft.playwright.Locator.selectOption(Locator.java:4562)
at HpaPlusMethods.ShiftAddMethod.normalShift(ShiftAddMethod.java:105)
at HpaTestCases.ShiftAddTests.NormalShiftTest(ShiftAddTests.java:57)
at java.base/jdk.internal.reflect.DirectMethodHandleAccessor.invoke(DirectMethodHandleAccessor.java:103)
at java.base/java.lang.reflect.Method.invoke(Method.java:580)
at org.testng.internal.MethodInvocationHelper.invokeMethod(MethodInvocationHelper.java:133)
at org.testng.internal.TestInvoker.invokeMethod(TestInvoker.java:598)
at org.testng.internal.TestInvoker.invokeTestMethod(TestInvoker.java:173)
at org.testng.internal.MethodRunner.runInSequence(MethodRunner.java:46)
at org.testng.internal.TestInvoker$MethodInvocationAgent.invoke(TestInvoker.java:824)
at org.testng.internal.TestInvoker.invokeTestMethods(TestInvoker.java:146)
at org.testng.internal.TestMethodWorker.invokeTestMethods(TestMethodWorker.java:146)
at org.testng.internal.TestMethodWorker.run(TestMethodWorker.java:128)
at java.base/java.util.ArrayList.forEach(ArrayList.java:1596)
at org.testng.TestRunner.privateRun(TestRunner.java:794)
at org.testng.TestRunner.run(TestRunner.java:596)
at org.testng.SuiteRunner.runTest(SuiteRunner.java:377)
at org.testng.SuiteRunner.runSequentially(SuiteRunner.java:371)
at org.testng.SuiteRunner.privateRun(SuiteRunner.java:332)
at org.testng.SuiteRunner.run(SuiteRunner.java:276)
at org.testng.SuiteRunnerWorker.runSuite(SuiteRunnerWorker.java:53)
at org.testng.SuiteRunnerWorker.run(SuiteRunnerWorker.java:96)
at org.testng.TestNG.runSuitesSequentially(TestNG.java:1212)
at org.testng.TestNG.runSuitesLocally(TestNG.java:1134)
at org.testng.TestNG.runSuites(TestNG.java:1063)
at org.testng.TestNG.run(TestNG.java:1031)
at org.testng.remote.AbstractRemoteTestNG.run(AbstractRemoteTestNG.java:115)
at org.testng.remote.RemoteTestNG.initAndRun(RemoteTestNG.java:293)
at org.testng.remote.RemoteTestNG.main(RemoteTestNG.java:91)
Caused by: com.microsoft.playwright.impl.TargetClosedError: Error {
  message='Target page, context or browser has been closed
  name='TargetClosedError
  stack='TargetClosedError: Target page, context or browser has been closed
    at DispatcherConnection.dispatch (C:\Users\Lenovo\AppData\Local\Temp\playwright-java-15944170154312779295\package\lib\server\dispatchers\dispatcher.js:273:44)
    at transport.onmessage (C:\Users\Lenovo\AppData\Local\Temp\playwright-java-15944170154312779295\package\lib\cli\driver.js:52:57)
    at Immediate._onImmediate (C:\Users\Lenovo\AppData\Local\Temp\playwright-java-15944170154312779295\package\lib\protocol\transport.js:77:34)
    at process.processImmediate (node:internal/timers:483:21)
}
at com.microsoft.playwright.impl.Connection.dispatch(Connection.java:256)
at com.microsoft.playwright.impl.Connection.processOneMessage(Connection.java:211)
at com.microsoft.playwright.impl.ChannelOwner.runUntil(ChannelOwner.java:118)
... 39 more
]]>
    </error>
  </testcase> <!-- NormalShiftTest -->
  <system-out/>
  <testcase classname="HpaTestCases.ShiftAddTests" name="NormalShiftTest" time="0.005">
    <error message="Error {
  message=&#039;Target page, context or browser has been closed
  name=&#039;TargetClosedError
  stack=&#039;TargetClosedError: Target page, context or browser has been closed
    at DispatcherConnection.dispatch (C:\Users\Lenovo\AppData\Local\Temp\playwright-java-15944170154312779295\package\lib\server\dispatchers\dispatcher.js:273:44)
    at transport.onmessage (C:\Users\Lenovo\AppData\Local\Temp\playwright-java-15944170154312779295\package\lib\cli\driver.js:52:57)
    at Immediate._onImmediate (C:\Users\Lenovo\AppData\Local\Temp\playwright-java-15944170154312779295\package\lib\protocol\transport.js:77:34)
    at process.processImmediate (node:internal/timers:483:21)
}" type="com.microsoft.playwright.impl.TargetClosedError">
      <![CDATA[com.microsoft.playwright.impl.TargetClosedError: Error {
  message='Target page, context or browser has been closed
  name='TargetClosedError
  stack='TargetClosedError: Target page, context or browser has been closed
    at DispatcherConnection.dispatch (C:\Users\Lenovo\AppData\Local\Temp\playwright-java-15944170154312779295\package\lib\server\dispatchers\dispatcher.js:273:44)
    at transport.onmessage (C:\Users\Lenovo\AppData\Local\Temp\playwright-java-15944170154312779295\package\lib\cli\driver.js:52:57)
    at Immediate._onImmediate (C:\Users\Lenovo\AppData\Local\Temp\playwright-java-15944170154312779295\package\lib\protocol\transport.js:77:34)
    at process.processImmediate (node:internal/timers:483:21)
}
at com.microsoft.playwright.impl.WaitableResult.get(WaitableResult.java:54)
at com.microsoft.playwright.impl.ChannelOwner.runUntil(ChannelOwner.java:120)
at com.microsoft.playwright.impl.Connection.sendMessage(Connection.java:130)
at com.microsoft.playwright.impl.ChannelOwner.sendMessage(ChannelOwner.java:106)
at com.microsoft.playwright.impl.FrameImpl.clickImpl(FrameImpl.java:252)
at com.microsoft.playwright.impl.FrameImpl.lambda$click$8(FrameImpl.java:243)
at com.microsoft.playwright.impl.LoggingSupport.lambda$withLogging$0(LoggingSupport.java:36)
at com.microsoft.playwright.impl.LoggingSupport.withLogging(LoggingSupport.java:47)
at com.microsoft.playwright.impl.ChannelOwner.withLogging(ChannelOwner.java:89)
at com.microsoft.playwright.impl.LoggingSupport.withLogging(LoggingSupport.java:35)
at com.microsoft.playwright.impl.FrameImpl.click(FrameImpl.java:243)
at com.microsoft.playwright.impl.LocatorImpl.click(LocatorImpl.java:160)
at com.microsoft.playwright.Locator.click(Locator.java:2406)
at HpaPlusMethods.ShiftAddMethod.normalShift(ShiftAddMethod.java:96)
at HpaTestCases.ShiftAddTests.NormalShiftTest(ShiftAddTests.java:57)
at java.base/jdk.internal.reflect.DirectMethodHandleAccessor.invoke(DirectMethodHandleAccessor.java:103)
at java.base/java.lang.reflect.Method.invoke(Method.java:580)
at org.testng.internal.MethodInvocationHelper.invokeMethod(MethodInvocationHelper.java:133)
at org.testng.internal.TestInvoker.invokeMethod(TestInvoker.java:598)
at org.testng.internal.TestInvoker.invokeTestMethod(TestInvoker.java:173)
at org.testng.internal.MethodRunner.runInSequence(MethodRunner.java:46)
at org.testng.internal.TestInvoker$MethodInvocationAgent.invoke(TestInvoker.java:824)
at org.testng.internal.TestInvoker.invokeTestMethods(TestInvoker.java:146)
at org.testng.internal.TestMethodWorker.invokeTestMethods(TestMethodWorker.java:146)
at org.testng.internal.TestMethodWorker.run(TestMethodWorker.java:128)
at java.base/java.util.ArrayList.forEach(ArrayList.java:1596)
at org.testng.TestRunner.privateRun(TestRunner.java:794)
at org.testng.TestRunner.run(TestRunner.java:596)
at org.testng.SuiteRunner.runTest(SuiteRunner.java:377)
at org.testng.SuiteRunner.runSequentially(SuiteRunner.java:371)
at org.testng.SuiteRunner.privateRun(SuiteRunner.java:332)
at org.testng.SuiteRunner.run(SuiteRunner.java:276)
at org.testng.SuiteRunnerWorker.runSuite(SuiteRunnerWorker.java:53)
at org.testng.SuiteRunnerWorker.run(SuiteRunnerWorker.java:96)
at org.testng.TestNG.runSuitesSequentially(TestNG.java:1212)
at org.testng.TestNG.runSuitesLocally(TestNG.java:1134)
at org.testng.TestNG.runSuites(TestNG.java:1063)
at org.testng.TestNG.run(TestNG.java:1031)
at org.testng.remote.AbstractRemoteTestNG.run(AbstractRemoteTestNG.java:115)
at org.testng.remote.RemoteTestNG.initAndRun(RemoteTestNG.java:293)
at org.testng.remote.RemoteTestNG.main(RemoteTestNG.java:91)
Caused by: com.microsoft.playwright.impl.TargetClosedError: Error {
  message='Target page, context or browser has been closed
  name='TargetClosedError
  stack='TargetClosedError: Target page, context or browser has been closed
    at DispatcherConnection.dispatch (C:\Users\Lenovo\AppData\Local\Temp\playwright-java-15944170154312779295\package\lib\server\dispatchers\dispatcher.js:273:44)
    at transport.onmessage (C:\Users\Lenovo\AppData\Local\Temp\playwright-java-15944170154312779295\package\lib\cli\driver.js:52:57)
    at Immediate._onImmediate (C:\Users\Lenovo\AppData\Local\Temp\playwright-java-15944170154312779295\package\lib\protocol\transport.js:77:34)
    at process.processImmediate (node:internal/timers:483:21)
}
at com.microsoft.playwright.impl.Connection.dispatch(Connection.java:256)
at com.microsoft.playwright.impl.Connection.processOneMessage(Connection.java:211)
at com.microsoft.playwright.impl.ChannelOwner.runUntil(ChannelOwner.java:118)
... 39 more
]]>
    </error>
  </testcase> <!-- NormalShiftTest -->
  <system-out/>
  <testcase classname="HpaTestCases.ShiftAddTests" name="NormalTrasnportTest" time="0.007">
    <error message="Error {
  message=&#039;Target page, context or browser has been closed
  name=&#039;TargetClosedError
  stack=&#039;TargetClosedError: Target page, context or browser has been closed
    at DispatcherConnection.dispatch (C:\Users\Lenovo\AppData\Local\Temp\playwright-java-15944170154312779295\package\lib\server\dispatchers\dispatcher.js:273:44)
    at transport.onmessage (C:\Users\Lenovo\AppData\Local\Temp\playwright-java-15944170154312779295\package\lib\cli\driver.js:52:57)
    at Immediate._onImmediate (C:\Users\Lenovo\AppData\Local\Temp\playwright-java-15944170154312779295\package\lib\protocol\transport.js:77:34)
    at process.processImmediate (node:internal/timers:483:21)
}" type="com.microsoft.playwright.impl.TargetClosedError">
      <![CDATA[com.microsoft.playwright.impl.TargetClosedError: Error {
  message='Target page, context or browser has been closed
  name='TargetClosedError
  stack='TargetClosedError: Target page, context or browser has been closed
    at DispatcherConnection.dispatch (C:\Users\Lenovo\AppData\Local\Temp\playwright-java-15944170154312779295\package\lib\server\dispatchers\dispatcher.js:273:44)
    at transport.onmessage (C:\Users\Lenovo\AppData\Local\Temp\playwright-java-15944170154312779295\package\lib\cli\driver.js:52:57)
    at Immediate._onImmediate (C:\Users\Lenovo\AppData\Local\Temp\playwright-java-15944170154312779295\package\lib\protocol\transport.js:77:34)
    at process.processImmediate (node:internal/timers:483:21)
}
at com.microsoft.playwright.impl.WaitableResult.get(WaitableResult.java:54)
at com.microsoft.playwright.impl.ChannelOwner.runUntil(ChannelOwner.java:120)
at com.microsoft.playwright.impl.Connection.sendMessage(Connection.java:130)
at com.microsoft.playwright.impl.ChannelOwner.sendMessage(ChannelOwner.java:106)
at com.microsoft.playwright.impl.FrameImpl.clickImpl(FrameImpl.java:252)
at com.microsoft.playwright.impl.FrameImpl.lambda$click$8(FrameImpl.java:243)
at com.microsoft.playwright.impl.LoggingSupport.lambda$withLogging$0(LoggingSupport.java:36)
at com.microsoft.playwright.impl.LoggingSupport.withLogging(LoggingSupport.java:47)
at com.microsoft.playwright.impl.ChannelOwner.withLogging(ChannelOwner.java:89)
at com.microsoft.playwright.impl.LoggingSupport.withLogging(LoggingSupport.java:35)
at com.microsoft.playwright.impl.FrameImpl.click(FrameImpl.java:243)
at com.microsoft.playwright.impl.LocatorImpl.click(LocatorImpl.java:160)
at com.microsoft.playwright.Locator.click(Locator.java:2406)
at HpaPlusMethods.ShiftAddMethod.normaltranshift(ShiftAddMethod.java:137)
at HpaTestCases.ShiftAddTests.NormalTrasnportTest(ShiftAddTests.java:88)
at java.base/jdk.internal.reflect.DirectMethodHandleAccessor.invoke(DirectMethodHandleAccessor.java:103)
at java.base/java.lang.reflect.Method.invoke(Method.java:580)
at org.testng.internal.MethodInvocationHelper.invokeMethod(MethodInvocationHelper.java:133)
at org.testng.internal.TestInvoker.invokeMethod(TestInvoker.java:598)
at org.testng.internal.TestInvoker.invokeTestMethod(TestInvoker.java:173)
at org.testng.internal.MethodRunner.runInSequence(MethodRunner.java:46)
at org.testng.internal.TestInvoker$MethodInvocationAgent.invoke(TestInvoker.java:824)
at org.testng.internal.TestInvoker.invokeTestMethods(TestInvoker.java:146)
at org.testng.internal.TestMethodWorker.invokeTestMethods(TestMethodWorker.java:146)
at org.testng.internal.TestMethodWorker.run(TestMethodWorker.java:128)
at java.base/java.util.ArrayList.forEach(ArrayList.java:1596)
at org.testng.TestRunner.privateRun(TestRunner.java:794)
at org.testng.TestRunner.run(TestRunner.java:596)
at org.testng.SuiteRunner.runTest(SuiteRunner.java:377)
at org.testng.SuiteRunner.runSequentially(SuiteRunner.java:371)
at org.testng.SuiteRunner.privateRun(SuiteRunner.java:332)
at org.testng.SuiteRunner.run(SuiteRunner.java:276)
at org.testng.SuiteRunnerWorker.runSuite(SuiteRunnerWorker.java:53)
at org.testng.SuiteRunnerWorker.run(SuiteRunnerWorker.java:96)
at org.testng.TestNG.runSuitesSequentially(TestNG.java:1212)
at org.testng.TestNG.runSuitesLocally(TestNG.java:1134)
at org.testng.TestNG.runSuites(TestNG.java:1063)
at org.testng.TestNG.run(TestNG.java:1031)
at org.testng.remote.AbstractRemoteTestNG.run(AbstractRemoteTestNG.java:115)
at org.testng.remote.RemoteTestNG.initAndRun(RemoteTestNG.java:293)
at org.testng.remote.RemoteTestNG.main(RemoteTestNG.java:91)
Caused by: com.microsoft.playwright.impl.TargetClosedError: Error {
  message='Target page, context or browser has been closed
  name='TargetClosedError
  stack='TargetClosedError: Target page, context or browser has been closed
    at DispatcherConnection.dispatch (C:\Users\Lenovo\AppData\Local\Temp\playwright-java-15944170154312779295\package\lib\server\dispatchers\dispatcher.js:273:44)
    at transport.onmessage (C:\Users\Lenovo\AppData\Local\Temp\playwright-java-15944170154312779295\package\lib\cli\driver.js:52:57)
    at Immediate._onImmediate (C:\Users\Lenovo\AppData\Local\Temp\playwright-java-15944170154312779295\package\lib\protocol\transport.js:77:34)
    at process.processImmediate (node:internal/timers:483:21)
}
at com.microsoft.playwright.impl.Connection.dispatch(Connection.java:256)
at com.microsoft.playwright.impl.Connection.processOneMessage(Connection.java:211)
at com.microsoft.playwright.impl.ChannelOwner.runUntil(ChannelOwner.java:118)
... 39 more
]]>
    </error>
  </testcase> <!-- NormalTrasnportTest -->
  <system-out/>
  <testcase classname="HpaTestCases.ShiftAddTests" name="NormalTrasnportTest" time="0.006">
    <error message="Error {
  message=&#039;Target page, context or browser has been closed
  name=&#039;TargetClosedError
  stack=&#039;TargetClosedError: Target page, context or browser has been closed
    at DispatcherConnection.dispatch (C:\Users\Lenovo\AppData\Local\Temp\playwright-java-15944170154312779295\package\lib\server\dispatchers\dispatcher.js:273:44)
    at transport.onmessage (C:\Users\Lenovo\AppData\Local\Temp\playwright-java-15944170154312779295\package\lib\cli\driver.js:52:57)
    at Immediate._onImmediate (C:\Users\Lenovo\AppData\Local\Temp\playwright-java-15944170154312779295\package\lib\protocol\transport.js:77:34)
    at process.processImmediate (node:internal/timers:483:21)
}" type="com.microsoft.playwright.impl.TargetClosedError">
      <![CDATA[com.microsoft.playwright.impl.TargetClosedError: Error {
  message='Target page, context or browser has been closed
  name='TargetClosedError
  stack='TargetClosedError: Target page, context or browser has been closed
    at DispatcherConnection.dispatch (C:\Users\Lenovo\AppData\Local\Temp\playwright-java-15944170154312779295\package\lib\server\dispatchers\dispatcher.js:273:44)
    at transport.onmessage (C:\Users\Lenovo\AppData\Local\Temp\playwright-java-15944170154312779295\package\lib\cli\driver.js:52:57)
    at Immediate._onImmediate (C:\Users\Lenovo\AppData\Local\Temp\playwright-java-15944170154312779295\package\lib\protocol\transport.js:77:34)
    at process.processImmediate (node:internal/timers:483:21)
}
at com.microsoft.playwright.impl.WaitableResult.get(WaitableResult.java:54)
at com.microsoft.playwright.impl.ChannelOwner.runUntil(ChannelOwner.java:120)
at com.microsoft.playwright.impl.Connection.sendMessage(Connection.java:130)
at com.microsoft.playwright.impl.ChannelOwner.sendMessage(ChannelOwner.java:106)
at com.microsoft.playwright.impl.FrameImpl.clickImpl(FrameImpl.java:252)
at com.microsoft.playwright.impl.FrameImpl.lambda$click$8(FrameImpl.java:243)
at com.microsoft.playwright.impl.LoggingSupport.lambda$withLogging$0(LoggingSupport.java:36)
at com.microsoft.playwright.impl.LoggingSupport.withLogging(LoggingSupport.java:47)
at com.microsoft.playwright.impl.ChannelOwner.withLogging(ChannelOwner.java:89)
at com.microsoft.playwright.impl.LoggingSupport.withLogging(LoggingSupport.java:35)
at com.microsoft.playwright.impl.FrameImpl.click(FrameImpl.java:243)
at com.microsoft.playwright.impl.LocatorImpl.click(LocatorImpl.java:160)
at com.microsoft.playwright.Locator.click(Locator.java:2406)
at HpaPlusMethods.ShiftAddMethod.normaltranshift(ShiftAddMethod.java:137)
at HpaTestCases.ShiftAddTests.NormalTrasnportTest(ShiftAddTests.java:88)
at java.base/jdk.internal.reflect.DirectMethodHandleAccessor.invoke(DirectMethodHandleAccessor.java:103)
at java.base/java.lang.reflect.Method.invoke(Method.java:580)
at org.testng.internal.MethodInvocationHelper.invokeMethod(MethodInvocationHelper.java:133)
at org.testng.internal.TestInvoker.invokeMethod(TestInvoker.java:598)
at org.testng.internal.TestInvoker.invokeTestMethod(TestInvoker.java:173)
at org.testng.internal.MethodRunner.runInSequence(MethodRunner.java:46)
at org.testng.internal.TestInvoker$MethodInvocationAgent.invoke(TestInvoker.java:824)
at org.testng.internal.TestInvoker.invokeTestMethods(TestInvoker.java:146)
at org.testng.internal.TestMethodWorker.invokeTestMethods(TestMethodWorker.java:146)
at org.testng.internal.TestMethodWorker.run(TestMethodWorker.java:128)
at java.base/java.util.ArrayList.forEach(ArrayList.java:1596)
at org.testng.TestRunner.privateRun(TestRunner.java:794)
at org.testng.TestRunner.run(TestRunner.java:596)
at org.testng.SuiteRunner.runTest(SuiteRunner.java:377)
at org.testng.SuiteRunner.runSequentially(SuiteRunner.java:371)
at org.testng.SuiteRunner.privateRun(SuiteRunner.java:332)
at org.testng.SuiteRunner.run(SuiteRunner.java:276)
at org.testng.SuiteRunnerWorker.runSuite(SuiteRunnerWorker.java:53)
at org.testng.SuiteRunnerWorker.run(SuiteRunnerWorker.java:96)
at org.testng.TestNG.runSuitesSequentially(TestNG.java:1212)
at org.testng.TestNG.runSuitesLocally(TestNG.java:1134)
at org.testng.TestNG.runSuites(TestNG.java:1063)
at org.testng.TestNG.run(TestNG.java:1031)
at org.testng.remote.AbstractRemoteTestNG.run(AbstractRemoteTestNG.java:115)
at org.testng.remote.RemoteTestNG.initAndRun(RemoteTestNG.java:293)
at org.testng.remote.RemoteTestNG.main(RemoteTestNG.java:91)
Caused by: com.microsoft.playwright.impl.TargetClosedError: Error {
  message='Target page, context or browser has been closed
  name='TargetClosedError
  stack='TargetClosedError: Target page, context or browser has been closed
    at DispatcherConnection.dispatch (C:\Users\Lenovo\AppData\Local\Temp\playwright-java-15944170154312779295\package\lib\server\dispatchers\dispatcher.js:273:44)
    at transport.onmessage (C:\Users\Lenovo\AppData\Local\Temp\playwright-java-15944170154312779295\package\lib\cli\driver.js:52:57)
    at Immediate._onImmediate (C:\Users\Lenovo\AppData\Local\Temp\playwright-java-15944170154312779295\package\lib\protocol\transport.js:77:34)
    at process.processImmediate (node:internal/timers:483:21)
}
at com.microsoft.playwright.impl.Connection.dispatch(Connection.java:256)
at com.microsoft.playwright.impl.Connection.processOneMessage(Connection.java:211)
at com.microsoft.playwright.impl.ChannelOwner.runUntil(ChannelOwner.java:118)
... 39 more
]]>
    </error>
  </testcase> <!-- NormalTrasnportTest -->
  <system-out/>
  <testcase classname="HpaTestCases.ShiftAddTests" name="SplitShiftTest" time="0.004">
    <error message="Error {
  message=&#039;Target page, context or browser has been closed
  name=&#039;TargetClosedError
  stack=&#039;TargetClosedError: Target page, context or browser has been closed
    at DispatcherConnection.dispatch (C:\Users\Lenovo\AppData\Local\Temp\playwright-java-15944170154312779295\package\lib\server\dispatchers\dispatcher.js:273:44)
    at transport.onmessage (C:\Users\Lenovo\AppData\Local\Temp\playwright-java-15944170154312779295\package\lib\cli\driver.js:52:57)
    at Immediate._onImmediate (C:\Users\Lenovo\AppData\Local\Temp\playwright-java-15944170154312779295\package\lib\protocol\transport.js:77:34)
    at process.processImmediate (node:internal/timers:483:21)
}" type="com.microsoft.playwright.impl.TargetClosedError">
      <![CDATA[com.microsoft.playwright.impl.TargetClosedError: Error {
  message='Target page, context or browser has been closed
  name='TargetClosedError
  stack='TargetClosedError: Target page, context or browser has been closed
    at DispatcherConnection.dispatch (C:\Users\Lenovo\AppData\Local\Temp\playwright-java-15944170154312779295\package\lib\server\dispatchers\dispatcher.js:273:44)
    at transport.onmessage (C:\Users\Lenovo\AppData\Local\Temp\playwright-java-15944170154312779295\package\lib\cli\driver.js:52:57)
    at Immediate._onImmediate (C:\Users\Lenovo\AppData\Local\Temp\playwright-java-15944170154312779295\package\lib\protocol\transport.js:77:34)
    at process.processImmediate (node:internal/timers:483:21)
}
at com.microsoft.playwright.impl.WaitableResult.get(WaitableResult.java:54)
at com.microsoft.playwright.impl.ChannelOwner.runUntil(ChannelOwner.java:120)
at com.microsoft.playwright.impl.Connection.sendMessage(Connection.java:130)
at com.microsoft.playwright.impl.ChannelOwner.sendMessage(ChannelOwner.java:106)
at com.microsoft.playwright.impl.FrameImpl.clickImpl(FrameImpl.java:252)
at com.microsoft.playwright.impl.FrameImpl.lambda$click$8(FrameImpl.java:243)
at com.microsoft.playwright.impl.LoggingSupport.lambda$withLogging$0(LoggingSupport.java:36)
at com.microsoft.playwright.impl.LoggingSupport.withLogging(LoggingSupport.java:47)
at com.microsoft.playwright.impl.ChannelOwner.withLogging(ChannelOwner.java:89)
at com.microsoft.playwright.impl.LoggingSupport.withLogging(LoggingSupport.java:35)
at com.microsoft.playwright.impl.FrameImpl.click(FrameImpl.java:243)
at com.microsoft.playwright.impl.LocatorImpl.click(LocatorImpl.java:160)
at com.microsoft.playwright.Locator.click(Locator.java:2406)
at HpaPlusMethods.ShiftAddMethod.NormalSplitShift(ShiftAddMethod.java:178)
at HpaTestCases.ShiftAddTests.SplitShiftTest(ShiftAddTests.java:116)
at java.base/jdk.internal.reflect.DirectMethodHandleAccessor.invoke(DirectMethodHandleAccessor.java:103)
at java.base/java.lang.reflect.Method.invoke(Method.java:580)
at org.testng.internal.MethodInvocationHelper.invokeMethod(MethodInvocationHelper.java:133)
at org.testng.internal.TestInvoker.invokeMethod(TestInvoker.java:598)
at org.testng.internal.TestInvoker.invokeTestMethod(TestInvoker.java:173)
at org.testng.internal.MethodRunner.runInSequence(MethodRunner.java:46)
at org.testng.internal.TestInvoker$MethodInvocationAgent.invoke(TestInvoker.java:824)
at org.testng.internal.TestInvoker.invokeTestMethods(TestInvoker.java:146)
at org.testng.internal.TestMethodWorker.invokeTestMethods(TestMethodWorker.java:146)
at org.testng.internal.TestMethodWorker.run(TestMethodWorker.java:128)
at java.base/java.util.ArrayList.forEach(ArrayList.java:1596)
at org.testng.TestRunner.privateRun(TestRunner.java:794)
at org.testng.TestRunner.run(TestRunner.java:596)
at org.testng.SuiteRunner.runTest(SuiteRunner.java:377)
at org.testng.SuiteRunner.runSequentially(SuiteRunner.java:371)
at org.testng.SuiteRunner.privateRun(SuiteRunner.java:332)
at org.testng.SuiteRunner.run(SuiteRunner.java:276)
at org.testng.SuiteRunnerWorker.runSuite(SuiteRunnerWorker.java:53)
at org.testng.SuiteRunnerWorker.run(SuiteRunnerWorker.java:96)
at org.testng.TestNG.runSuitesSequentially(TestNG.java:1212)
at org.testng.TestNG.runSuitesLocally(TestNG.java:1134)
at org.testng.TestNG.runSuites(TestNG.java:1063)
at org.testng.TestNG.run(TestNG.java:1031)
at org.testng.remote.AbstractRemoteTestNG.run(AbstractRemoteTestNG.java:115)
at org.testng.remote.RemoteTestNG.initAndRun(RemoteTestNG.java:293)
at org.testng.remote.RemoteTestNG.main(RemoteTestNG.java:91)
Caused by: com.microsoft.playwright.impl.TargetClosedError: Error {
  message='Target page, context or browser has been closed
  name='TargetClosedError
  stack='TargetClosedError: Target page, context or browser has been closed
    at DispatcherConnection.dispatch (C:\Users\Lenovo\AppData\Local\Temp\playwright-java-15944170154312779295\package\lib\server\dispatchers\dispatcher.js:273:44)
    at transport.onmessage (C:\Users\Lenovo\AppData\Local\Temp\playwright-java-15944170154312779295\package\lib\cli\driver.js:52:57)
    at Immediate._onImmediate (C:\Users\Lenovo\AppData\Local\Temp\playwright-java-15944170154312779295\package\lib\protocol\transport.js:77:34)
    at process.processImmediate (node:internal/timers:483:21)
}
at com.microsoft.playwright.impl.Connection.dispatch(Connection.java:256)
at com.microsoft.playwright.impl.Connection.processOneMessage(Connection.java:211)
at com.microsoft.playwright.impl.ChannelOwner.runUntil(ChannelOwner.java:118)
... 39 more
]]>
    </error>
  </testcase> <!-- SplitShiftTest -->
  <system-out/>
  <testcase classname="HpaTestCases.ShiftAddTests" name="SplitShiftTest" time="0.021">
    <error message="Error {
  message=&#039;Target page, context or browser has been closed
  name=&#039;TargetClosedError
  stack=&#039;TargetClosedError: Target page, context or browser has been closed
    at DispatcherConnection.dispatch (C:\Users\Lenovo\AppData\Local\Temp\playwright-java-15944170154312779295\package\lib\server\dispatchers\dispatcher.js:273:44)
    at transport.onmessage (C:\Users\Lenovo\AppData\Local\Temp\playwright-java-15944170154312779295\package\lib\cli\driver.js:52:57)
    at Immediate._onImmediate (C:\Users\Lenovo\AppData\Local\Temp\playwright-java-15944170154312779295\package\lib\protocol\transport.js:77:34)
    at process.processImmediate (node:internal/timers:483:21)
}" type="com.microsoft.playwright.impl.TargetClosedError">
      <![CDATA[com.microsoft.playwright.impl.TargetClosedError: Error {
  message='Target page, context or browser has been closed
  name='TargetClosedError
  stack='TargetClosedError: Target page, context or browser has been closed
    at DispatcherConnection.dispatch (C:\Users\Lenovo\AppData\Local\Temp\playwright-java-15944170154312779295\package\lib\server\dispatchers\dispatcher.js:273:44)
    at transport.onmessage (C:\Users\Lenovo\AppData\Local\Temp\playwright-java-15944170154312779295\package\lib\cli\driver.js:52:57)
    at Immediate._onImmediate (C:\Users\Lenovo\AppData\Local\Temp\playwright-java-15944170154312779295\package\lib\protocol\transport.js:77:34)
    at process.processImmediate (node:internal/timers:483:21)
}
at com.microsoft.playwright.impl.WaitableResult.get(WaitableResult.java:54)
at com.microsoft.playwright.impl.ChannelOwner.runUntil(ChannelOwner.java:120)
at com.microsoft.playwright.impl.Connection.sendMessage(Connection.java:130)
at com.microsoft.playwright.impl.ChannelOwner.sendMessage(ChannelOwner.java:106)
at com.microsoft.playwright.impl.FrameImpl.clickImpl(FrameImpl.java:252)
at com.microsoft.playwright.impl.FrameImpl.lambda$click$8(FrameImpl.java:243)
at com.microsoft.playwright.impl.LoggingSupport.lambda$withLogging$0(LoggingSupport.java:36)
at com.microsoft.playwright.impl.LoggingSupport.withLogging(LoggingSupport.java:47)
at com.microsoft.playwright.impl.ChannelOwner.withLogging(ChannelOwner.java:89)
at com.microsoft.playwright.impl.LoggingSupport.withLogging(LoggingSupport.java:35)
at com.microsoft.playwright.impl.FrameImpl.click(FrameImpl.java:243)
at com.microsoft.playwright.impl.LocatorImpl.click(LocatorImpl.java:160)
at com.microsoft.playwright.Locator.click(Locator.java:2406)
at HpaPlusMethods.ShiftAddMethod.NormalSplitShift(ShiftAddMethod.java:178)
at HpaTestCases.ShiftAddTests.SplitShiftTest(ShiftAddTests.java:116)
at java.base/jdk.internal.reflect.DirectMethodHandleAccessor.invoke(DirectMethodHandleAccessor.java:103)
at java.base/java.lang.reflect.Method.invoke(Method.java:580)
at org.testng.internal.MethodInvocationHelper.invokeMethod(MethodInvocationHelper.java:133)
at org.testng.internal.TestInvoker.invokeMethod(TestInvoker.java:598)
at org.testng.internal.TestInvoker.invokeTestMethod(TestInvoker.java:173)
at org.testng.internal.MethodRunner.runInSequence(MethodRunner.java:46)
at org.testng.internal.TestInvoker$MethodInvocationAgent.invoke(TestInvoker.java:824)
at org.testng.internal.TestInvoker.invokeTestMethods(TestInvoker.java:146)
at org.testng.internal.TestMethodWorker.invokeTestMethods(TestMethodWorker.java:146)
at org.testng.internal.TestMethodWorker.run(TestMethodWorker.java:128)
at java.base/java.util.ArrayList.forEach(ArrayList.java:1596)
at org.testng.TestRunner.privateRun(TestRunner.java:794)
at org.testng.TestRunner.run(TestRunner.java:596)
at org.testng.SuiteRunner.runTest(SuiteRunner.java:377)
at org.testng.SuiteRunner.runSequentially(SuiteRunner.java:371)
at org.testng.SuiteRunner.privateRun(SuiteRunner.java:332)
at org.testng.SuiteRunner.run(SuiteRunner.java:276)
at org.testng.SuiteRunnerWorker.runSuite(SuiteRunnerWorker.java:53)
at org.testng.SuiteRunnerWorker.run(SuiteRunnerWorker.java:96)
at org.testng.TestNG.runSuitesSequentially(TestNG.java:1212)
at org.testng.TestNG.runSuitesLocally(TestNG.java:1134)
at org.testng.TestNG.runSuites(TestNG.java:1063)
at org.testng.TestNG.run(TestNG.java:1031)
at org.testng.remote.AbstractRemoteTestNG.run(AbstractRemoteTestNG.java:115)
at org.testng.remote.RemoteTestNG.initAndRun(RemoteTestNG.java:293)
at org.testng.remote.RemoteTestNG.main(RemoteTestNG.java:91)
Caused by: com.microsoft.playwright.impl.TargetClosedError: Error {
  message='Target page, context or browser has been closed
  name='TargetClosedError
  stack='TargetClosedError: Target page, context or browser has been closed
    at DispatcherConnection.dispatch (C:\Users\Lenovo\AppData\Local\Temp\playwright-java-15944170154312779295\package\lib\server\dispatchers\dispatcher.js:273:44)
    at transport.onmessage (C:\Users\Lenovo\AppData\Local\Temp\playwright-java-15944170154312779295\package\lib\cli\driver.js:52:57)
    at Immediate._onImmediate (C:\Users\Lenovo\AppData\Local\Temp\playwright-java-15944170154312779295\package\lib\protocol\transport.js:77:34)
    at process.processImmediate (node:internal/timers:483:21)
}
at com.microsoft.playwright.impl.Connection.dispatch(Connection.java:256)
at com.microsoft.playwright.impl.Connection.processOneMessage(Connection.java:211)
at com.microsoft.playwright.impl.ChannelOwner.runUntil(ChannelOwner.java:118)
... 39 more
]]>
    </error>
  </testcase> <!-- SplitShiftTest -->
  <system-out/>
  <testcase classname="HpaTestCases.ShiftAddTests" name="RepeatTest" time="0.002">
    <error message="Error {
  message=&#039;Target page, context or browser has been closed
  name=&#039;TargetClosedError
  stack=&#039;TargetClosedError: Target page, context or browser has been closed
    at DispatcherConnection.dispatch (C:\Users\Lenovo\AppData\Local\Temp\playwright-java-15944170154312779295\package\lib\server\dispatchers\dispatcher.js:273:44)
    at transport.onmessage (C:\Users\Lenovo\AppData\Local\Temp\playwright-java-15944170154312779295\package\lib\cli\driver.js:52:57)
    at Immediate._onImmediate (C:\Users\Lenovo\AppData\Local\Temp\playwright-java-15944170154312779295\package\lib\protocol\transport.js:77:34)
    at process.processImmediate (node:internal/timers:483:21)
}" type="com.microsoft.playwright.impl.TargetClosedError">
      <![CDATA[com.microsoft.playwright.impl.TargetClosedError: Error {
  message='Target page, context or browser has been closed
  name='TargetClosedError
  stack='TargetClosedError: Target page, context or browser has been closed
    at DispatcherConnection.dispatch (C:\Users\Lenovo\AppData\Local\Temp\playwright-java-15944170154312779295\package\lib\server\dispatchers\dispatcher.js:273:44)
    at transport.onmessage (C:\Users\Lenovo\AppData\Local\Temp\playwright-java-15944170154312779295\package\lib\cli\driver.js:52:57)
    at Immediate._onImmediate (C:\Users\Lenovo\AppData\Local\Temp\playwright-java-15944170154312779295\package\lib\protocol\transport.js:77:34)
    at process.processImmediate (node:internal/timers:483:21)
}
at com.microsoft.playwright.impl.WaitableResult.get(WaitableResult.java:54)
at com.microsoft.playwright.impl.ChannelOwner.runUntil(ChannelOwner.java:120)
at com.microsoft.playwright.impl.Connection.sendMessage(Connection.java:130)
at com.microsoft.playwright.impl.ChannelOwner.sendMessage(ChannelOwner.java:106)
at com.microsoft.playwright.impl.FrameImpl.clickImpl(FrameImpl.java:252)
at com.microsoft.playwright.impl.FrameImpl.lambda$click$8(FrameImpl.java:243)
at com.microsoft.playwright.impl.LoggingSupport.lambda$withLogging$0(LoggingSupport.java:36)
at com.microsoft.playwright.impl.LoggingSupport.withLogging(LoggingSupport.java:47)
at com.microsoft.playwright.impl.ChannelOwner.withLogging(ChannelOwner.java:89)
at com.microsoft.playwright.impl.LoggingSupport.withLogging(LoggingSupport.java:35)
at com.microsoft.playwright.impl.FrameImpl.click(FrameImpl.java:243)
at com.microsoft.playwright.impl.LocatorImpl.click(LocatorImpl.java:160)
at com.microsoft.playwright.Locator.click(Locator.java:2406)
at HpaPlusMethods.ShiftAddMethod.NormalRepeatShift(ShiftAddMethod.java:217)
at HpaTestCases.ShiftAddTests.RepeatTest(ShiftAddTests.java:145)
at java.base/jdk.internal.reflect.DirectMethodHandleAccessor.invoke(DirectMethodHandleAccessor.java:103)
at java.base/java.lang.reflect.Method.invoke(Method.java:580)
at org.testng.internal.MethodInvocationHelper.invokeMethod(MethodInvocationHelper.java:133)
at org.testng.internal.TestInvoker.invokeMethod(TestInvoker.java:598)
at org.testng.internal.TestInvoker.invokeTestMethod(TestInvoker.java:173)
at org.testng.internal.MethodRunner.runInSequence(MethodRunner.java:46)
at org.testng.internal.TestInvoker$MethodInvocationAgent.invoke(TestInvoker.java:824)
at org.testng.internal.TestInvoker.invokeTestMethods(TestInvoker.java:146)
at org.testng.internal.TestMethodWorker.invokeTestMethods(TestMethodWorker.java:146)
at org.testng.internal.TestMethodWorker.run(TestMethodWorker.java:128)
at java.base/java.util.ArrayList.forEach(ArrayList.java:1596)
at org.testng.TestRunner.privateRun(TestRunner.java:794)
at org.testng.TestRunner.run(TestRunner.java:596)
at org.testng.SuiteRunner.runTest(SuiteRunner.java:377)
at org.testng.SuiteRunner.runSequentially(SuiteRunner.java:371)
at org.testng.SuiteRunner.privateRun(SuiteRunner.java:332)
at org.testng.SuiteRunner.run(SuiteRunner.java:276)
at org.testng.SuiteRunnerWorker.runSuite(SuiteRunnerWorker.java:53)
at org.testng.SuiteRunnerWorker.run(SuiteRunnerWorker.java:96)
at org.testng.TestNG.runSuitesSequentially(TestNG.java:1212)
at org.testng.TestNG.runSuitesLocally(TestNG.java:1134)
at org.testng.TestNG.runSuites(TestNG.java:1063)
at org.testng.TestNG.run(TestNG.java:1031)
at org.testng.remote.AbstractRemoteTestNG.run(AbstractRemoteTestNG.java:115)
at org.testng.remote.RemoteTestNG.initAndRun(RemoteTestNG.java:293)
at org.testng.remote.RemoteTestNG.main(RemoteTestNG.java:91)
Caused by: com.microsoft.playwright.impl.TargetClosedError: Error {
  message='Target page, context or browser has been closed
  name='TargetClosedError
  stack='TargetClosedError: Target page, context or browser has been closed
    at DispatcherConnection.dispatch (C:\Users\Lenovo\AppData\Local\Temp\playwright-java-15944170154312779295\package\lib\server\dispatchers\dispatcher.js:273:44)
    at transport.onmessage (C:\Users\Lenovo\AppData\Local\Temp\playwright-java-15944170154312779295\package\lib\cli\driver.js:52:57)
    at Immediate._onImmediate (C:\Users\Lenovo\AppData\Local\Temp\playwright-java-15944170154312779295\package\lib\protocol\transport.js:77:34)
    at process.processImmediate (node:internal/timers:483:21)
}
at com.microsoft.playwright.impl.Connection.dispatch(Connection.java:256)
at com.microsoft.playwright.impl.Connection.processOneMessage(Connection.java:211)
at com.microsoft.playwright.impl.ChannelOwner.runUntil(ChannelOwner.java:118)
... 39 more
]]>
    </error>
  </testcase> <!-- RepeatTest -->
  <system-out/>
  <testcase classname="HpaTestCases.ShiftAddTests" name="RepeatTest" time="0.006">
    <error message="Error {
  message=&#039;Target page, context or browser has been closed
  name=&#039;TargetClosedError
  stack=&#039;TargetClosedError: Target page, context or browser has been closed
    at DispatcherConnection.dispatch (C:\Users\Lenovo\AppData\Local\Temp\playwright-java-15944170154312779295\package\lib\server\dispatchers\dispatcher.js:273:44)
    at transport.onmessage (C:\Users\Lenovo\AppData\Local\Temp\playwright-java-15944170154312779295\package\lib\cli\driver.js:52:57)
    at Immediate._onImmediate (C:\Users\Lenovo\AppData\Local\Temp\playwright-java-15944170154312779295\package\lib\protocol\transport.js:77:34)
    at process.processImmediate (node:internal/timers:483:21)
}" type="com.microsoft.playwright.impl.TargetClosedError">
      <![CDATA[com.microsoft.playwright.impl.TargetClosedError: Error {
  message='Target page, context or browser has been closed
  name='TargetClosedError
  stack='TargetClosedError: Target page, context or browser has been closed
    at DispatcherConnection.dispatch (C:\Users\Lenovo\AppData\Local\Temp\playwright-java-15944170154312779295\package\lib\server\dispatchers\dispatcher.js:273:44)
    at transport.onmessage (C:\Users\Lenovo\AppData\Local\Temp\playwright-java-15944170154312779295\package\lib\cli\driver.js:52:57)
    at Immediate._onImmediate (C:\Users\Lenovo\AppData\Local\Temp\playwright-java-15944170154312779295\package\lib\protocol\transport.js:77:34)
    at process.processImmediate (node:internal/timers:483:21)
}
at com.microsoft.playwright.impl.WaitableResult.get(WaitableResult.java:54)
at com.microsoft.playwright.impl.ChannelOwner.runUntil(ChannelOwner.java:120)
at com.microsoft.playwright.impl.Connection.sendMessage(Connection.java:130)
at com.microsoft.playwright.impl.ChannelOwner.sendMessage(ChannelOwner.java:106)
at com.microsoft.playwright.impl.FrameImpl.clickImpl(FrameImpl.java:252)
at com.microsoft.playwright.impl.FrameImpl.lambda$click$8(FrameImpl.java:243)
at com.microsoft.playwright.impl.LoggingSupport.lambda$withLogging$0(LoggingSupport.java:36)
at com.microsoft.playwright.impl.LoggingSupport.withLogging(LoggingSupport.java:47)
at com.microsoft.playwright.impl.ChannelOwner.withLogging(ChannelOwner.java:89)
at com.microsoft.playwright.impl.LoggingSupport.withLogging(LoggingSupport.java:35)
at com.microsoft.playwright.impl.FrameImpl.click(FrameImpl.java:243)
at com.microsoft.playwright.impl.LocatorImpl.click(LocatorImpl.java:160)
at com.microsoft.playwright.Locator.click(Locator.java:2406)
at HpaPlusMethods.ShiftAddMethod.NormalRepeatShift(ShiftAddMethod.java:217)
at HpaTestCases.ShiftAddTests.RepeatTest(ShiftAddTests.java:145)
at java.base/jdk.internal.reflect.DirectMethodHandleAccessor.invoke(DirectMethodHandleAccessor.java:103)
at java.base/java.lang.reflect.Method.invoke(Method.java:580)
at org.testng.internal.MethodInvocationHelper.invokeMethod(MethodInvocationHelper.java:133)
at org.testng.internal.TestInvoker.invokeMethod(TestInvoker.java:598)
at org.testng.internal.TestInvoker.invokeTestMethod(TestInvoker.java:173)
at org.testng.internal.MethodRunner.runInSequence(MethodRunner.java:46)
at org.testng.internal.TestInvoker$MethodInvocationAgent.invoke(TestInvoker.java:824)
at org.testng.internal.TestInvoker.invokeTestMethods(TestInvoker.java:146)
at org.testng.internal.TestMethodWorker.invokeTestMethods(TestMethodWorker.java:146)
at org.testng.internal.TestMethodWorker.run(TestMethodWorker.java:128)
at java.base/java.util.ArrayList.forEach(ArrayList.java:1596)
at org.testng.TestRunner.privateRun(TestRunner.java:794)
at org.testng.TestRunner.run(TestRunner.java:596)
at org.testng.SuiteRunner.runTest(SuiteRunner.java:377)
at org.testng.SuiteRunner.runSequentially(SuiteRunner.java:371)
at org.testng.SuiteRunner.privateRun(SuiteRunner.java:332)
at org.testng.SuiteRunner.run(SuiteRunner.java:276)
at org.testng.SuiteRunnerWorker.runSuite(SuiteRunnerWorker.java:53)
at org.testng.SuiteRunnerWorker.run(SuiteRunnerWorker.java:96)
at org.testng.TestNG.runSuitesSequentially(TestNG.java:1212)
at org.testng.TestNG.runSuitesLocally(TestNG.java:1134)
at org.testng.TestNG.runSuites(TestNG.java:1063)
at org.testng.TestNG.run(TestNG.java:1031)
at org.testng.remote.AbstractRemoteTestNG.run(AbstractRemoteTestNG.java:115)
at org.testng.remote.RemoteTestNG.initAndRun(RemoteTestNG.java:293)
at org.testng.remote.RemoteTestNG.main(RemoteTestNG.java:91)
Caused by: com.microsoft.playwright.impl.TargetClosedError: Error {
  message='Target page, context or browser has been closed
  name='TargetClosedError
  stack='TargetClosedError: Target page, context or browser has been closed
    at DispatcherConnection.dispatch (C:\Users\Lenovo\AppData\Local\Temp\playwright-java-15944170154312779295\package\lib\server\dispatchers\dispatcher.js:273:44)
    at transport.onmessage (C:\Users\Lenovo\AppData\Local\Temp\playwright-java-15944170154312779295\package\lib\cli\driver.js:52:57)
    at Immediate._onImmediate (C:\Users\Lenovo\AppData\Local\Temp\playwright-java-15944170154312779295\package\lib\protocol\transport.js:77:34)
    at process.processImmediate (node:internal/timers:483:21)
}
at com.microsoft.playwright.impl.Connection.dispatch(Connection.java:256)
at com.microsoft.playwright.impl.Connection.processOneMessage(Connection.java:211)
at com.microsoft.playwright.impl.ChannelOwner.runUntil(ChannelOwner.java:118)
... 39 more
]]>
    </error>
  </testcase> <!-- RepeatTest -->
  <system-out/>
  <testcase classname="HpaTestCases.ShiftAddTests" name="RepeattrasnportTest" time="0.004">
    <error message="Error {
  message=&#039;Target page, context or browser has been closed
  name=&#039;TargetClosedError
  stack=&#039;TargetClosedError: Target page, context or browser has been closed
    at DispatcherConnection.dispatch (C:\Users\Lenovo\AppData\Local\Temp\playwright-java-15944170154312779295\package\lib\server\dispatchers\dispatcher.js:273:44)
    at transport.onmessage (C:\Users\Lenovo\AppData\Local\Temp\playwright-java-15944170154312779295\package\lib\cli\driver.js:52:57)
    at Immediate._onImmediate (C:\Users\Lenovo\AppData\Local\Temp\playwright-java-15944170154312779295\package\lib\protocol\transport.js:77:34)
    at process.processImmediate (node:internal/timers:483:21)
}" type="com.microsoft.playwright.impl.TargetClosedError">
      <![CDATA[com.microsoft.playwright.impl.TargetClosedError: Error {
  message='Target page, context or browser has been closed
  name='TargetClosedError
  stack='TargetClosedError: Target page, context or browser has been closed
    at DispatcherConnection.dispatch (C:\Users\Lenovo\AppData\Local\Temp\playwright-java-15944170154312779295\package\lib\server\dispatchers\dispatcher.js:273:44)
    at transport.onmessage (C:\Users\Lenovo\AppData\Local\Temp\playwright-java-15944170154312779295\package\lib\cli\driver.js:52:57)
    at Immediate._onImmediate (C:\Users\Lenovo\AppData\Local\Temp\playwright-java-15944170154312779295\package\lib\protocol\transport.js:77:34)
    at process.processImmediate (node:internal/timers:483:21)
}
at com.microsoft.playwright.impl.WaitableResult.get(WaitableResult.java:54)
at com.microsoft.playwright.impl.ChannelOwner.runUntil(ChannelOwner.java:120)
at com.microsoft.playwright.impl.Connection.sendMessage(Connection.java:130)
at com.microsoft.playwright.impl.ChannelOwner.sendMessage(ChannelOwner.java:106)
at com.microsoft.playwright.impl.FrameImpl.clickImpl(FrameImpl.java:252)
at com.microsoft.playwright.impl.FrameImpl.lambda$click$8(FrameImpl.java:243)
at com.microsoft.playwright.impl.LoggingSupport.lambda$withLogging$0(LoggingSupport.java:36)
at com.microsoft.playwright.impl.LoggingSupport.withLogging(LoggingSupport.java:47)
at com.microsoft.playwright.impl.ChannelOwner.withLogging(ChannelOwner.java:89)
at com.microsoft.playwright.impl.LoggingSupport.withLogging(LoggingSupport.java:35)
at com.microsoft.playwright.impl.FrameImpl.click(FrameImpl.java:243)
at com.microsoft.playwright.impl.LocatorImpl.click(LocatorImpl.java:160)
at com.microsoft.playwright.Locator.click(Locator.java:2406)
at HpaPlusMethods.ShiftAddMethod.NormalRepeatTransShift(ShiftAddMethod.java:261)
at HpaTestCases.ShiftAddTests.RepeattrasnportTest(ShiftAddTests.java:173)
at java.base/jdk.internal.reflect.DirectMethodHandleAccessor.invoke(DirectMethodHandleAccessor.java:103)
at java.base/java.lang.reflect.Method.invoke(Method.java:580)
at org.testng.internal.MethodInvocationHelper.invokeMethod(MethodInvocationHelper.java:133)
at org.testng.internal.TestInvoker.invokeMethod(TestInvoker.java:598)
at org.testng.internal.TestInvoker.invokeTestMethod(TestInvoker.java:173)
at org.testng.internal.MethodRunner.runInSequence(MethodRunner.java:46)
at org.testng.internal.TestInvoker$MethodInvocationAgent.invoke(TestInvoker.java:824)
at org.testng.internal.TestInvoker.invokeTestMethods(TestInvoker.java:146)
at org.testng.internal.TestMethodWorker.invokeTestMethods(TestMethodWorker.java:146)
at org.testng.internal.TestMethodWorker.run(TestMethodWorker.java:128)
at java.base/java.util.ArrayList.forEach(ArrayList.java:1596)
at org.testng.TestRunner.privateRun(TestRunner.java:794)
at org.testng.TestRunner.run(TestRunner.java:596)
at org.testng.SuiteRunner.runTest(SuiteRunner.java:377)
at org.testng.SuiteRunner.runSequentially(SuiteRunner.java:371)
at org.testng.SuiteRunner.privateRun(SuiteRunner.java:332)
at org.testng.SuiteRunner.run(SuiteRunner.java:276)
at org.testng.SuiteRunnerWorker.runSuite(SuiteRunnerWorker.java:53)
at org.testng.SuiteRunnerWorker.run(SuiteRunnerWorker.java:96)
at org.testng.TestNG.runSuitesSequentially(TestNG.java:1212)
at org.testng.TestNG.runSuitesLocally(TestNG.java:1134)
at org.testng.TestNG.runSuites(TestNG.java:1063)
at org.testng.TestNG.run(TestNG.java:1031)
at org.testng.remote.AbstractRemoteTestNG.run(AbstractRemoteTestNG.java:115)
at org.testng.remote.RemoteTestNG.initAndRun(RemoteTestNG.java:293)
at org.testng.remote.RemoteTestNG.main(RemoteTestNG.java:91)
Caused by: com.microsoft.playwright.impl.TargetClosedError: Error {
  message='Target page, context or browser has been closed
  name='TargetClosedError
  stack='TargetClosedError: Target page, context or browser has been closed
    at DispatcherConnection.dispatch (C:\Users\Lenovo\AppData\Local\Temp\playwright-java-15944170154312779295\package\lib\server\dispatchers\dispatcher.js:273:44)
    at transport.onmessage (C:\Users\Lenovo\AppData\Local\Temp\playwright-java-15944170154312779295\package\lib\cli\driver.js:52:57)
    at Immediate._onImmediate (C:\Users\Lenovo\AppData\Local\Temp\playwright-java-15944170154312779295\package\lib\protocol\transport.js:77:34)
    at process.processImmediate (node:internal/timers:483:21)
}
at com.microsoft.playwright.impl.Connection.dispatch(Connection.java:256)
at com.microsoft.playwright.impl.Connection.processOneMessage(Connection.java:211)
at com.microsoft.playwright.impl.ChannelOwner.runUntil(ChannelOwner.java:118)
... 39 more
]]>
    </error>
  </testcase> <!-- RepeattrasnportTest -->
  <system-out/>
  <testcase classname="HpaTestCases.ShiftAddTests" name="RepeattrasnportTest" time="0.006">
    <error message="Error {
  message=&#039;Target page, context or browser has been closed
  name=&#039;TargetClosedError
  stack=&#039;TargetClosedError: Target page, context or browser has been closed
    at DispatcherConnection.dispatch (C:\Users\Lenovo\AppData\Local\Temp\playwright-java-15944170154312779295\package\lib\server\dispatchers\dispatcher.js:273:44)
    at transport.onmessage (C:\Users\Lenovo\AppData\Local\Temp\playwright-java-15944170154312779295\package\lib\cli\driver.js:52:57)
    at Immediate._onImmediate (C:\Users\Lenovo\AppData\Local\Temp\playwright-java-15944170154312779295\package\lib\protocol\transport.js:77:34)
    at process.processImmediate (node:internal/timers:483:21)
}" type="com.microsoft.playwright.impl.TargetClosedError">
      <![CDATA[com.microsoft.playwright.impl.TargetClosedError: Error {
  message='Target page, context or browser has been closed
  name='TargetClosedError
  stack='TargetClosedError: Target page, context or browser has been closed
    at DispatcherConnection.dispatch (C:\Users\Lenovo\AppData\Local\Temp\playwright-java-15944170154312779295\package\lib\server\dispatchers\dispatcher.js:273:44)
    at transport.onmessage (C:\Users\Lenovo\AppData\Local\Temp\playwright-java-15944170154312779295\package\lib\cli\driver.js:52:57)
    at Immediate._onImmediate (C:\Users\Lenovo\AppData\Local\Temp\playwright-java-15944170154312779295\package\lib\protocol\transport.js:77:34)
    at process.processImmediate (node:internal/timers:483:21)
}
at com.microsoft.playwright.impl.WaitableResult.get(WaitableResult.java:54)
at com.microsoft.playwright.impl.ChannelOwner.runUntil(ChannelOwner.java:120)
at com.microsoft.playwright.impl.Connection.sendMessage(Connection.java:130)
at com.microsoft.playwright.impl.ChannelOwner.sendMessage(ChannelOwner.java:106)
at com.microsoft.playwright.impl.FrameImpl.clickImpl(FrameImpl.java:252)
at com.microsoft.playwright.impl.FrameImpl.lambda$click$8(FrameImpl.java:243)
at com.microsoft.playwright.impl.LoggingSupport.lambda$withLogging$0(LoggingSupport.java:36)
at com.microsoft.playwright.impl.LoggingSupport.withLogging(LoggingSupport.java:47)
at com.microsoft.playwright.impl.ChannelOwner.withLogging(ChannelOwner.java:89)
at com.microsoft.playwright.impl.LoggingSupport.withLogging(LoggingSupport.java:35)
at com.microsoft.playwright.impl.FrameImpl.click(FrameImpl.java:243)
at com.microsoft.playwright.impl.LocatorImpl.click(LocatorImpl.java:160)
at com.microsoft.playwright.Locator.click(Locator.java:2406)
at HpaPlusMethods.ShiftAddMethod.NormalRepeatTransShift(ShiftAddMethod.java:261)
at HpaTestCases.ShiftAddTests.RepeattrasnportTest(ShiftAddTests.java:173)
at java.base/jdk.internal.reflect.DirectMethodHandleAccessor.invoke(DirectMethodHandleAccessor.java:103)
at java.base/java.lang.reflect.Method.invoke(Method.java:580)
at org.testng.internal.MethodInvocationHelper.invokeMethod(MethodInvocationHelper.java:133)
at org.testng.internal.TestInvoker.invokeMethod(TestInvoker.java:598)
at org.testng.internal.TestInvoker.invokeTestMethod(TestInvoker.java:173)
at org.testng.internal.MethodRunner.runInSequence(MethodRunner.java:46)
at org.testng.internal.TestInvoker$MethodInvocationAgent.invoke(TestInvoker.java:824)
at org.testng.internal.TestInvoker.invokeTestMethods(TestInvoker.java:146)
at org.testng.internal.TestMethodWorker.invokeTestMethods(TestMethodWorker.java:146)
at org.testng.internal.TestMethodWorker.run(TestMethodWorker.java:128)
at java.base/java.util.ArrayList.forEach(ArrayList.java:1596)
at org.testng.TestRunner.privateRun(TestRunner.java:794)
at org.testng.TestRunner.run(TestRunner.java:596)
at org.testng.SuiteRunner.runTest(SuiteRunner.java:377)
at org.testng.SuiteRunner.runSequentially(SuiteRunner.java:371)
at org.testng.SuiteRunner.privateRun(SuiteRunner.java:332)
at org.testng.SuiteRunner.run(SuiteRunner.java:276)
at org.testng.SuiteRunnerWorker.runSuite(SuiteRunnerWorker.java:53)
at org.testng.SuiteRunnerWorker.run(SuiteRunnerWorker.java:96)
at org.testng.TestNG.runSuitesSequentially(TestNG.java:1212)
at org.testng.TestNG.runSuitesLocally(TestNG.java:1134)
at org.testng.TestNG.runSuites(TestNG.java:1063)
at org.testng.TestNG.run(TestNG.java:1031)
at org.testng.remote.AbstractRemoteTestNG.run(AbstractRemoteTestNG.java:115)
at org.testng.remote.RemoteTestNG.initAndRun(RemoteTestNG.java:293)
at org.testng.remote.RemoteTestNG.main(RemoteTestNG.java:91)
Caused by: com.microsoft.playwright.impl.TargetClosedError: Error {
  message='Target page, context or browser has been closed
  name='TargetClosedError
  stack='TargetClosedError: Target page, context or browser has been closed
    at DispatcherConnection.dispatch (C:\Users\Lenovo\AppData\Local\Temp\playwright-java-15944170154312779295\package\lib\server\dispatchers\dispatcher.js:273:44)
    at transport.onmessage (C:\Users\Lenovo\AppData\Local\Temp\playwright-java-15944170154312779295\package\lib\cli\driver.js:52:57)
    at Immediate._onImmediate (C:\Users\Lenovo\AppData\Local\Temp\playwright-java-15944170154312779295\package\lib\protocol\transport.js:77:34)
    at process.processImmediate (node:internal/timers:483:21)
}
at com.microsoft.playwright.impl.Connection.dispatch(Connection.java:256)
at com.microsoft.playwright.impl.Connection.processOneMessage(Connection.java:211)
at com.microsoft.playwright.impl.ChannelOwner.runUntil(ChannelOwner.java:118)
... 39 more
]]>
    </error>
  </testcase> <!-- RepeattrasnportTest -->
  <system-out/>
</testsuite> <!-- HpaTestCases.ShiftAddTests -->
