<?xml version="1.0" encoding="UTF-8"?>
<!-- Generated by org.testng.reporters.JUnitReportReporter -->
<testsuite hostname="DESKTOP-24PLHBT" failures="0" tests="10" name="HpaTestCases.ShiftAddTests" time="200.156" errors="0" timestamp="2025-08-25T16:20:01 IST" skipped="0">
  <testcase classname="HpaTestCases.ShiftAddTests" name="NormalShiftTest" time="14.905"/>
  <testcase classname="HpaTestCases.ShiftAddTests" name="NormalShiftTest" time="15.639"/>
  <testcase classname="HpaTestCases.ShiftAddTests" name="NormalTrasnportTest" time="20.459"/>
  <testcase classname="HpaTestCases.ShiftAddTests" name="NormalTrasnportTest" time="20.545"/>
  <testcase classname="HpaTestCases.ShiftAddTests" name="SplitShiftTest" time="18.311"/>
  <testcase classname="HpaTestCases.ShiftAddTests" name="SplitShiftTest" time="19.570"/>
  <testcase classname="HpaTestCases.ShiftAddTests" name="RepeatTest" time="20.465"/>
  <testcase classname="HpaTestCases.ShiftAddTests" name="RepeatTest" time="21.330"/>
  <testcase classname="HpaTestCases.ShiftAddTests" name="RepeattrasnportTest" time="24.290"/>
  <testcase classname="HpaTestCases.ShiftAddTests" name="RepeattrasnportTest" time="24.642"/>
</testsuite> <!-- HpaTestCases.ShiftAddTests -->
